+ exec /usr/bin/tini -w -e 143 -- java -Dlog4j2.configurationFile=file:/opt/user-operator/custom-config/log4j2.properties -Djava.security.egd=file:/dev/./urandom -XX:+ExitOnOutOfMemoryError -XX:MinRAMPercentage=15 -XX:MaxRAMPercentage=20 -classpath :lib/io.strimzi.user-operator-0.49.1.jar:lib/io.strimzi.api-0.49.1.jar:lib/io.fabric8.kubernetes-model-networking-7.4.0.jar:lib/io.fabric8.kubernetes-model-common-7.4.0.jar:lib/io.fabric8.kubernetes-model-apiextensions-7.4.0.jar:lib/com.fasterxml.jackson.core.jackson-annotations-2.18.3.jar:lib/com.fasterxml.jackson.core.jackson-databind-2.18.3.jar:lib/io.strimzi.operator-common-0.49.1.jar:lib/io.strimzi.crd-annotations-0.49.1.jar:lib/io.fabric8.zjsonpatch-0.3.0.jar:lib/org.quartz-scheduler.quartz-2.5.0.jar:lib/jakarta.xml.bind.jakarta.xml.bind-api-4.0.2.jar:lib/jakarta.activation.jakarta.activation-api-2.1.3.jar:lib/org.eclipse.jetty.jetty-server-12.0.22.jar:lib/org.eclipse.jetty.jetty-io-12.0.22.jar:lib/org.eclipse.jetty.jetty-util-12.0.22.jar:lib/org.eclipse.jetty.jetty-http-12.0.22.jar:lib/javax.servlet.javax.servlet-api-3.1.0.jar:lib/io.fabric8.kubernetes-client-7.4.0.jar:lib/io.fabric8.kubernetes-httpclient-jdk-7.4.0.jar:lib/io.fabric8.kubernetes-client-api-7.4.0.jar:lib/io.fabric8.kubernetes-model-gatewayapi-7.4.0.jar:lib/io.fabric8.kubernetes-model-resource-7.4.0.jar:lib/io.fabric8.kubernetes-model-rbac-7.4.0.jar:lib/io.fabric8.kubernetes-model-admissionregistration-7.4.0.jar:lib/io.fabric8.kubernetes-model-apps-7.4.0.jar:lib/io.fabric8.kubernetes-model-autoscaling-7.4.0.jar:lib/io.fabric8.kubernetes-model-batch-7.4.0.jar:lib/io.fabric8.kubernetes-model-certificates-7.4.0.jar:lib/io.fabric8.kubernetes-model-coordination-7.4.0.jar:lib/io.fabric8.kubernetes-model-discovery-7.4.0.jar:lib/io.fabric8.kubernetes-model-events-7.4.0.jar:lib/io.fabric8.kubernetes-model-extensions-7.4.0.jar:lib/io.fabric8.kubernetes-model-flowcontrol-7.4.0.jar:lib/io.fabric8.kubernetes-model-metrics-7.4.0.jar:lib/io.fabric8.kubernetes-model-policy-7.4.0.jar:lib/io.fabric8.kubernetes-model-scheduling-7.4.0.jar:lib/io.fabric8.kubernetes-model-storageclass-7.4.0.jar:lib/io.fabric8.kubernetes-model-node-7.4.0.jar:lib/org.slf4j.slf4j-api-2.0.17.jar:lib/org.snakeyaml.snakeyaml-engine-2.10.jar:lib/com.fasterxml.jackson.dataformat.jackson-dataformat-yaml-2.18.3.jar:lib/org.yaml.snakeyaml-2.5.jar:lib/com.fasterxml.jackson.datatype.jackson-datatype-jsr310-2.18.3.jar:lib/com.fasterxml.jackson.core.jackson-core-2.18.3.jar:lib/io.fabric8.kubernetes-model-core-7.4.0.jar:lib/io.strimzi.certificate-manager-0.49.1.jar:lib/org.apache.logging.log4j.log4j-core-2.25.0.jar:lib/org.apache.logging.log4j.log4j-api-2.25.0.jar:lib/org.apache.logging.log4j.log4j-slf4j2-impl-2.25.0.jar:lib/org.apache.logging.log4j.log4j-layout-template-json-2.25.0.jar:lib/org.apache.kafka.kafka-clients-4.1.1.jar:lib/com.github.luben.zstd-jni-1.5.6-10.jar:lib/org.lz4.lz4-java-1.8.0.jar:lib/org.xerial.snappy.snappy-java-1.1.10.7.jar:lib/io.micrometer.micrometer-core-1.14.5.jar:lib/io.micrometer.micrometer-commons-1.14.5.jar:lib/io.micrometer.micrometer-observation-1.14.5.jar:lib/org.hdrhistogram.HdrHistogram-2.2.2.jar:lib/org.latencyutils.LatencyUtils-2.0.3.jar:lib/io.micrometer.micrometer-registry-prometheus-1.14.5.jar:lib/io.prometheus.prometheus-metrics-core-1.3.6.jar:lib/io.prometheus.prometheus-metrics-model-1.3.6.jar:lib/io.prometheus.prometheus-metrics-config-1.3.6.jar:lib/io.prometheus.prometheus-metrics-tracer-common-1.3.6.jar:lib/io.prometheus.prometheus-metrics-exposition-formats-1.3.6.jar:lib/io.prometheus.prometheus-metrics-exposition-textformats-1.3.6.jar io.strimzi.operator.user.Main
2026-04-25 14:22:41 INFO  Main:65 - UserOperator 0.49.1 is starting
2026-04-25 14:22:41 INFO  Util:119 - Using config:
	PATH: /usr/local/sbin:/usr/local/bin:/usr/sbin:/usr/bin:/sbin:/bin
	container: oci
	STRIMZI_CA_RENEWAL: 30
	MY_CLUSTER_KAFKA_BOOTSTRAP_PORT_9093_TCP_ADDR: 172.30.85.214
	STRIMZI_LABELS: strimzi.io/cluster=my-cluster
	JAVA_OPTS:  -Dlog4j2.configurationFile=file:/opt/user-operator/custom-config/log4j2.properties -Djava.security.egd=file:/dev/./urandom  -XX:+ExitOnOutOfMemoryError -XX:MinRAMPercentage=15 -XX:MaxRAMPercentage=20
	MY_CLUSTER_KAFKA_BOOTSTRAP_PORT_9091_TCP_PROTO: tcp
	MY_CLUSTER_KAFKA_BOOTSTRAP_SERVICE_HOST: 172.30.85.214
	MY_CLUSTER_KAFKA_BOOTSTRAP_SERVICE_PORT_TCP_CLIENTS: 9092
	NSS_SDB_USE_CACHE: no
	STRIMZI_GC_LOG_ENABLED: false
	STRIMZI_EO_KEY_SECRET_NAME: my-cluster-entity-user-operator-certs
	STRIMZI_HOME: /opt/strimzi
	PWD: /opt/strimzi
	MY_CLUSTER_KAFKA_BOOTSTRAP_PORT_9093_TCP_PORT: 9093
	JAVA_MAIN: io.strimzi.operator.user.Main
	KUBERNETES_PORT_443_TCP: tcp://172.30.0.1:443
	STRIMZI_SECRET_PREFIX: 
	STRIMZI_VERSION: 0.49.1
	STRIMZI_KAFKA_BOOTSTRAP_SERVERS: my-cluster-kafka-bootstrap:9091
	MY_CLUSTER_KAFKA_BOOTSTRAP_SERVICE_PORT: 9091
	STRIMZI_NAMESPACE: ksql0491
	TINI_SHA256_S390X: 931b70a182af879ca249ae9de87ef68423121b38d235c78997fafc680ceab32d
	MY_CLUSTER_KAFKA_BOOTSTRAP_PORT_9092_TCP_PROTO: tcp
	STRIMZI_CA_VALIDITY: 365
	TINI_SHA256_AMD64: 93dcc18adc78c65a028a84799ecf8ad40c936fdfc5f2a57b1acda5a8117fa82c
	MY_CLUSTER_KAFKA_BOOTSTRAP_SERVICE_PORT_TCP_REPLICATION: 9091
	KUBERNETES_SERVICE_PORT_HTTPS: 443
	SHLVL: 0
	KUBERNETES_PORT: tcp://172.30.0.1:443
	MY_CLUSTER_KAFKA_BOOTSTRAP_PORT_9091_TCP: tcp://172.30.85.214:9091
	JAVA_HOME: /usr/lib/jvm/jre-17
	TERM: xterm
	KUBERNETES_SERVICE_HOST: 172.30.0.1
	JAVA_CLASSPATH: :lib/io.strimzi.user-operator-0.49.1.jar:lib/io.strimzi.api-0.49.1.jar:lib/io.fabric8.kubernetes-model-networking-7.4.0.jar:lib/io.fabric8.kubernetes-model-common-7.4.0.jar:lib/io.fabric8.kubernetes-model-apiextensions-7.4.0.jar:lib/com.fasterxml.jackson.core.jackson-annotations-2.18.3.jar:lib/com.fasterxml.jackson.core.jackson-databind-2.18.3.jar:lib/io.strimzi.operator-common-0.49.1.jar:lib/io.strimzi.crd-annotations-0.49.1.jar:lib/io.fabric8.zjsonpatch-0.3.0.jar:lib/org.quartz-scheduler.quartz-2.5.0.jar:lib/jakarta.xml.bind.jakarta.xml.bind-api-4.0.2.jar:lib/jakarta.activation.jakarta.activation-api-2.1.3.jar:lib/org.eclipse.jetty.jetty-server-12.0.22.jar:lib/org.eclipse.jetty.jetty-io-12.0.22.jar:lib/org.eclipse.jetty.jetty-util-12.0.22.jar:lib/org.eclipse.jetty.jetty-http-12.0.22.jar:lib/javax.servlet.javax.servlet-api-3.1.0.jar:lib/io.fabric8.kubernetes-client-7.4.0.jar:lib/io.fabric8.kubernetes-httpclient-jdk-7.4.0.jar:lib/io.fabric8.kubernetes-client-api-7.4.0.jar:lib/io.fabric8.kubernetes-model-gatewayapi-7.4.0.jar:lib/io.fabric8.kubernetes-model-resource-7.4.0.jar:lib/io.fabric8.kubernetes-model-rbac-7.4.0.jar:lib/io.fabric8.kubernetes-model-admissionregistration-7.4.0.jar:lib/io.fabric8.kubernetes-model-apps-7.4.0.jar:lib/io.fabric8.kubernetes-model-autoscaling-7.4.0.jar:lib/io.fabric8.kubernetes-model-batch-7.4.0.jar:lib/io.fabric8.kubernetes-model-certificates-7.4.0.jar:lib/io.fabric8.kubernetes-model-coordination-7.4.0.jar:lib/io.fabric8.kubernetes-model-discovery-7.4.0.jar:lib/io.fabric8.kubernetes-model-events-7.4.0.jar:lib/io.fabric8.kubernetes-model-extensions-7.4.0.jar:lib/io.fabric8.kubernetes-model-flowcontrol-7.4.0.jar:lib/io.fabric8.kubernetes-model-metrics-7.4.0.jar:lib/io.fabric8.kubernetes-model-policy-7.4.0.jar:lib/io.fabric8.kubernetes-model-scheduling-7.4.0.jar:lib/io.fabric8.kubernetes-model-storageclass-7.4.0.jar:lib/io.fabric8.kubernetes-model-node-7.4.0.jar:lib/org.slf4j.slf4j-api-2.0.17.jar:lib/org.snakeyaml.snakeyaml-engine-2.10.jar:lib/com.fasterxml.jackson.dataformat.jackson-dataformat-yaml-2.18.3.jar:lib/org.yaml.snakeyaml-2.5.jar:lib/com.fasterxml.jackson.datatype.jackson-datatype-jsr310-2.18.3.jar:lib/com.fasterxml.jackson.core.jackson-core-2.18.3.jar:lib/io.fabric8.kubernetes-model-core-7.4.0.jar:lib/io.strimzi.certificate-manager-0.49.1.jar:lib/org.apache.logging.log4j.log4j-core-2.25.0.jar:lib/org.apache.logging.log4j.log4j-api-2.25.0.jar:lib/org.apache.logging.log4j.log4j-slf4j2-impl-2.25.0.jar:lib/org.apache.logging.log4j.log4j-layout-template-json-2.25.0.jar:lib/org.apache.kafka.kafka-clients-4.1.1.jar:lib/com.github.luben.zstd-jni-1.5.6-10.jar:lib/org.lz4.lz4-java-1.8.0.jar:lib/org.xerial.snappy.snappy-java-1.1.10.7.jar:lib/io.micrometer.micrometer-core-1.14.5.jar:lib/io.micrometer.micrometer-commons-1.14.5.jar:lib/io.micrometer.micrometer-observation-1.14.5.jar:lib/org.hdrhistogram.HdrHistogram-2.2.2.jar:lib/org.latencyutils.LatencyUtils-2.0.3.jar:lib/io.micrometer.micrometer-registry-prometheus-1.14.5.jar:lib/io.prometheus.prometheus-metrics-core-1.3.6.jar:lib/io.prometheus.prometheus-metrics-model-1.3.6.jar:lib/io.prometheus.prometheus-metrics-config-1.3.6.jar:lib/io.prometheus.prometheus-metrics-tracer-common-1.3.6.jar:lib/io.prometheus.prometheus-metrics-exposition-formats-1.3.6.jar:lib/io.prometheus.prometheus-metrics-exposition-textformats-1.3.6.jar
	MY_CLUSTER_KAFKA_BOOTSTRAP_PORT_9092_TCP: tcp://172.30.85.214:9092
	STRIMZI_CLUSTER_CA_CERT_SECRET_NAME: my-cluster-cluster-ca-cert
	TINI_VERSION: v0.19.0
	MY_CLUSTER_KAFKA_BOOTSTRAP_PORT_9092_TCP_ADDR: 172.30.85.214
	KUBERNETES_PORT_443_TCP_ADDR: 172.30.0.1
	MY_CLUSTER_KAFKA_BOOTSTRAP_SERVICE_PORT_TCP_CLIENTSTLS: 9093
	MY_CLUSTER_KAFKA_BOOTSTRAP_PORT: tcp://172.30.85.214:9091
	MY_CLUSTER_KAFKA_BOOTSTRAP_PORT_9093_TCP: tcp://172.30.85.214:9093
	KUBERNETES_PORT_443_TCP_PROTO: tcp
	MY_CLUSTER_KAFKA_BOOTSTRAP_PORT_9091_TCP_PORT: 9091
	STRIMZI_CA_CERT_NAME: my-cluster-clients-ca-cert
	STRIMZI_CA_NAMESPACE: ksql0491
	KUBERNETES_SERVICE_PORT: 443
	TINI_SHA256_ARM64: 07952557df20bfd2a95f9bef198b445e006171969499a1d361bd9e6f8e5e0e81
	MY_CLUSTER_KAFKA_BOOTSTRAP_PORT_9091_TCP_ADDR: 172.30.85.214
	MY_CLUSTER_KAFKA_BOOTSTRAP_PORT_9092_TCP_PORT: 9092
	TINI_SHA256_PPC64LE: 3f658420974768e40810001a038c29d003728c5fe86da211cff5059e48cfdfde
	HOSTNAME: my-cluster-entity-operator-6f74cdb768-52lfh
	STRIMZI_CA_KEY_NAME: my-cluster-clients-ca
	KUBERNETES_PORT_443_TCP_PORT: 443
	MY_CLUSTER_KAFKA_BOOTSTRAP_PORT_9093_TCP_PROTO: tcp
	HOME: /
	STRIMZI_ACLS_ADMIN_API_SUPPORTED: false
	MALLOC_ARENA_MAX: 2

2026-04-25 14:22:41 INFO  Main:76 - UserOperator configuration is UserOperatorBuilderConfig{
	namespace='ksql0491'
	reconciliationIntervalMs=120000
	kafkaBootstrapServers='my-cluster-kafka-bootstrap:9091'
	labels=`Labels{strimzi.io/cluster=my-cluster}'
	caCertSecretName='my-cluster-clients-ca-cert'
	caKeySecretName='my-cluster-clients-ca'
	clusterCaCertSecretName='my-cluster-cluster-ca-cert'
	euoKeySecretName='my-cluster-entity-user-operator-certs'
	euoCertName='entity-operator.crt'
	euoKeyName='entity-operator.key'
	caNamespace='ksql0491'
	secretPrefix=''
	clientsCaValidityDays=365
	clientsCaRenewalDays=30
	aclsAdminApiSupported=false
	scramPasswordLength=32
	maintenanceWindows=`null'
	kafkaAdminClientConfiguration=`{}'
	operationTimeoutMs=300000
	workQueueSize=1024
	controllerThreadPoolSize=50
	cacheRefresh=15000
	batchQueueSize=1024
	batchMaxBlockSize=100
	batchMaxBlockTime=100
	userOperationsThreadPoolSize=4
	featureGates='FeatureGates(ServerSideApplyPhase1=false, UseConnectBuildWithBuildah=false)'
	ignoredUsersPattern='null'}
2026-04-25 14:22:43 INFO  AbstractConfig:380 - AdminClientConfig values: 
	bootstrap.controllers = []
	bootstrap.servers = [my-cluster-kafka-bootstrap:9091]
	client.dns.lookup = use_all_dns_ips
	client.id = 
	connections.max.idle.ms = 300000
	default.api.timeout.ms = 40000
	enable.metrics.push = false
	metadata.max.age.ms = 30000
	metadata.recovery.rebootstrap.trigger.ms = 300000
	metadata.recovery.strategy = rebootstrap
	metric.reporters = [org.apache.kafka.common.metrics.JmxReporter]
	metrics.num.samples = 2
	metrics.recording.level = INFO
	metrics.sample.window.ms = 30000
	receive.buffer.bytes = 65536
	reconnect.backoff.max.ms = 1000
	reconnect.backoff.ms = 50
	request.timeout.ms = 10000
	retries = 3
	retry.backoff.max.ms = 1000
	retry.backoff.ms = 100
	sasl.client.callback.handler.class = null
	sasl.jaas.config = null
	sasl.kerberos.kinit.cmd = /usr/bin/kinit
	sasl.kerberos.min.time.before.relogin = 60000
	sasl.kerberos.service.name = null
	sasl.kerberos.ticket.renew.jitter = 0.05
	sasl.kerberos.ticket.renew.window.factor = 0.8
	sasl.login.callback.handler.class = null
	sasl.login.class = null
	sasl.login.connect.timeout.ms = null
	sasl.login.read.timeout.ms = null
	sasl.login.refresh.buffer.seconds = 300
	sasl.login.refresh.min.period.seconds = 60
	sasl.login.refresh.window.factor = 0.8
	sasl.login.refresh.window.jitter = 0.05
	sasl.login.retry.backoff.max.ms = 10000
	sasl.login.retry.backoff.ms = 100
	sasl.mechanism = GSSAPI
	sasl.oauthbearer.assertion.algorithm = RS256
	sasl.oauthbearer.assertion.claim.aud = null
	sasl.oauthbearer.assertion.claim.exp.seconds = 300
	sasl.oauthbearer.assertion.claim.iss = null
	sasl.oauthbearer.assertion.claim.jti.include = false
	sasl.oauthbearer.assertion.claim.nbf.seconds = 60
	sasl.oauthbearer.assertion.claim.sub = null
	sasl.oauthbearer.assertion.file = null
	sasl.oauthbearer.assertion.private.key.file = null
	sasl.oauthbearer.assertion.private.key.passphrase = null
	sasl.oauthbearer.assertion.template.file = null
	sasl.oauthbearer.client.credentials.client.id = null
	sasl.oauthbearer.client.credentials.client.secret = null
	sasl.oauthbearer.clock.skew.seconds = 30
	sasl.oauthbearer.expected.audience = null
	sasl.oauthbearer.expected.issuer = null
	sasl.oauthbearer.header.urlencode = false
	sasl.oauthbearer.jwks.endpoint.refresh.ms = 3600000
	sasl.oauthbearer.jwks.endpoint.retry.backoff.max.ms = 10000
	sasl.oauthbearer.jwks.endpoint.retry.backoff.ms = 100
	sasl.oauthbearer.jwks.endpoint.url = null
	sasl.oauthbearer.jwt.retriever.class = class org.apache.kafka.common.security.oauthbearer.DefaultJwtRetriever
	sasl.oauthbearer.jwt.validator.class = class org.apache.kafka.common.security.oauthbearer.DefaultJwtValidator
	sasl.oauthbearer.scope = null
	sasl.oauthbearer.scope.claim.name = scope
	sasl.oauthbearer.sub.claim.name = sub
	sasl.oauthbearer.token.endpoint.url = null
	security.protocol = SSL
	security.providers = null
	send.buffer.bytes = 131072
	socket.connection.setup.timeout.max.ms = 30000
	socket.connection.setup.timeout.ms = 10000
	ssl.cipher.suites = null
	ssl.enabled.protocols = [TLSv1.2, TLSv1.3]
	ssl.endpoint.identification.algorithm = https
	ssl.engine.factory.class = null
	ssl.key.password = null
	ssl.keymanager.algorithm = SunX509
	ssl.keystore.certificate.chain = [hidden]
	ssl.keystore.key = [hidden]
	ssl.keystore.location = null
	ssl.keystore.password = null
	ssl.keystore.type = PEM
	ssl.protocol = TLSv1.3
	ssl.provider = null
	ssl.secure.random.implementation = null
	ssl.trustmanager.algorithm = PKIX
	ssl.truststore.certificates = [hidden]
	ssl.truststore.location = null
	ssl.truststore.password = null
	ssl.truststore.type = PEM

2026-04-25 14:22:44 INFO  AppInfoParser:125 - Kafka version: 4.1.1
2026-04-25 14:22:44 INFO  AppInfoParser:126 - Kafka commitId: be816b82d25370ce
2026-04-25 14:22:44 INFO  AppInfoParser:127 - Kafka startTimeMs: 1777126964440
2026-04-25 14:22:45 INFO  AbstractCache:119 - Starting QuotasCache
2026-04-25 14:22:46 INFO  AbstractBatchReconciler:103 - QuotasBatchReconciler: Starting the BatchReconciler
2026-04-25 14:22:46 INFO  AbstractCache:119 - Starting ScramShaCredentialsCache
2026-04-25 14:22:46 INFO  AbstractBatchReconciler:130 - QuotasBatchReconciler: BatchReconciler is running
2026-04-25 14:22:46 INFO  AbstractBatchReconciler:103 - ScramShaCredentialsBatchReconciler: Starting the BatchReconciler
2026-04-25 14:22:46 INFO  UserController:199 - Starting the KafkaUser informer
2026-04-25 14:22:46 INFO  AbstractBatchReconciler:130 - ScramShaCredentialsBatchReconciler: BatchReconciler is running
2026-04-25 14:22:46 INFO  UserController:202 - Starting the Secret informer
2026-04-25 14:22:46 INFO  UserController:206 - Waiting for the informers to sync
2026-04-25 14:22:47 INFO  UserController:215 - Starting User Controller loops
2026-04-25 14:22:47 INFO  Main:115 - Registering shutdown hook
2026-04-25 14:24:47 INFO  UserController:272 - Triggering periodic reconciliation of KafkaUser resources for namespace ksql0491
2026-04-25 14:26:47 INFO  UserController:272 - Triggering periodic reconciliation of KafkaUser resources for namespace ksql0491
2026-04-25 14:28:47 INFO  UserController:272 - Triggering periodic reconciliation of KafkaUser resources for namespace ksql0491
2026-04-25 14:30:47 INFO  UserController:272 - Triggering periodic reconciliation of KafkaUser resources for namespace ksql0491
2026-04-25 14:32:47 INFO  UserController:272 - Triggering periodic reconciliation of KafkaUser resources for namespace ksql0491
