STRIMZI_BROKER_ID=0
Preparing truststore for replication listener
Adding /opt/kafka/cluster-ca-certs/ca.crt to truststore /tmp/kafka/cluster.truststore.p12 with alias ca
Certificate was added to keystore
Preparing truststore for replication listener is complete
Looking for the right CA
Found the right CA: /opt/kafka/cluster-ca-certs/ca.crt
Preparing keystore for replication and clienttls listener
Preparing keystore for replication and clienttls listener is complete
Preparing truststore for client authentication
Adding /opt/kafka/client-ca-certs/ca.crt to truststore /tmp/kafka/clients.truststore.p12 with alias ca
Certificate was added to keystore
Preparing truststore for client authentication is complete
Starting Kafka with configuration:
##############################
##############################
# This file is automatically generated by the Strimzi Cluster Operator
# Any changes to this file will be ignored and overwritten!
##############################
##############################

##########
# Node / Broker ID
##########
node.id=0

##########
# Kafka message logs configuration
##########
log.dirs=/var/lib/kafka/data-0/kafka-log0

##########
# Control Plane listener
##########
listener.name.controlplane-9090.ssl.keystore.location=/tmp/kafka/cluster.keystore.p12
listener.name.controlplane-9090.ssl.keystore.password=[hidden]
listener.name.controlplane-9090.ssl.keystore.type=PKCS12
listener.name.controlplane-9090.ssl.truststore.location=/tmp/kafka/cluster.truststore.p12
listener.name.controlplane-9090.ssl.truststore.password=[hidden]
listener.name.controlplane-9090.ssl.truststore.type=PKCS12
listener.name.controlplane-9090.ssl.client.auth=required

##########
# Replication listener
##########
listener.name.replication-9091.ssl.keystore.location=/tmp/kafka/cluster.keystore.p12
listener.name.replication-9091.ssl.keystore.password=[hidden]
listener.name.replication-9091.ssl.keystore.type=PKCS12
listener.name.replication-9091.ssl.truststore.location=/tmp/kafka/cluster.truststore.p12
listener.name.replication-9091.ssl.truststore.password=[hidden]
listener.name.replication-9091.ssl.truststore.type=PKCS12
listener.name.replication-9091.ssl.client.auth=required

##########
# Listener configuration: PLAIN-9092
##########

##########
# Listener configuration: TLS-9093
##########
listener.name.tls-9093.ssl.keystore.location=/tmp/kafka/cluster.keystore.p12
listener.name.tls-9093.ssl.keystore.password=[hidden]
listener.name.tls-9093.ssl.keystore.type=PKCS12


##########
# Common listener configuration
##########
listener.security.protocol.map=CONTROLPLANE-9090:SSL,REPLICATION-9091:SSL,PLAIN-9092:PLAINTEXT,TLS-9093:SSL
listeners=CONTROLPLANE-9090://0.0.0.0:9090,REPLICATION-9091://0.0.0.0:9091,PLAIN-9092://0.0.0.0:9092,TLS-9093://0.0.0.0:9093
advertised.listeners=REPLICATION-9091://my-cluster-dual-role-0.my-cluster-kafka-brokers.ksql043.svc:9091,PLAIN-9092://my-cluster-dual-role-0.my-cluster-kafka-brokers.ksql043.svc:9092,TLS-9093://my-cluster-dual-role-0.my-cluster-kafka-brokers.ksql043.svc:9093
inter.broker.listener.name=REPLICATION-9091
sasl.enabled.mechanisms=
ssl.endpoint.identification.algorithm=HTTPS

##########
# User provided configuration
##########
default.replication.factor=1
min.insync.replicas=1
offsets.topic.replication.factor=1
transaction.state.log.min.isr=1
transaction.state.log.replication.factor=1


##########
# KRaft configuration
##########
process.roles=broker,controller
controller.listener.names=CONTROLPLANE-9090
controller.quorum.voters=0@my-cluster-dual-role-0.my-cluster-kafka-brokers.ksql043.svc.cluster.local:9090

##########
# KRaft metadata log dir configuration
##########
metadata.log.dir=/var/lib/kafka/data-0/kafka-log0
Kafka metadata config state [4]
Using KRaft [true]
Making sure the Kraft storage is formatted with cluster ID 5igje94GTwCc5z0WUkKPPA and metadata version 3.8-IV0
2026-05-18 13:17:41,929 INFO Registered kafka:type=kafka.Log4jController MBean (kafka.utils.Log4jControllerRegistration$) [main]
2026-05-18 13:17:42,129 INFO KafkaConfig values: 
	advertised.listeners = REPLICATION-9091://my-cluster-dual-role-0.my-cluster-kafka-brokers.ksql043.svc:9091,PLAIN-9092://my-cluster-dual-role-0.my-cluster-kafka-brokers.ksql043.svc:9092,TLS-9093://my-cluster-dual-role-0.my-cluster-kafka-brokers.ksql043.svc:9093
	alter.config.policy.class.name = null
	alter.log.dirs.replication.quota.window.num = 11
	alter.log.dirs.replication.quota.window.size.seconds = 1
	authorizer.class.name = 
	auto.create.topics.enable = true
	auto.include.jmx.reporter = true
	auto.leader.rebalance.enable = true
	background.threads = 10
	broker.heartbeat.interval.ms = 2000
	broker.id = 0
	broker.id.generation.enable = true
	broker.rack = null
	broker.session.timeout.ms = 9000
	client.quota.callback.class = null
	compression.gzip.level = -1
	compression.lz4.level = 9
	compression.type = producer
	compression.zstd.level = 3
	connection.failed.authentication.delay.ms = 100
	connections.max.idle.ms = 600000
	connections.max.reauth.ms = 0
	control.plane.listener.name = null
	controlled.shutdown.enable = true
	controlled.shutdown.max.retries = 3
	controlled.shutdown.retry.backoff.ms = 5000
	controller.listener.names = CONTROLPLANE-9090
	controller.quorum.append.linger.ms = 25
	controller.quorum.bootstrap.servers = []
	controller.quorum.election.backoff.max.ms = 1000
	controller.quorum.election.timeout.ms = 1000
	controller.quorum.fetch.timeout.ms = 2000
	controller.quorum.request.timeout.ms = 2000
	controller.quorum.retry.backoff.ms = 20
	controller.quorum.voters = [0@my-cluster-dual-role-0.my-cluster-kafka-brokers.ksql043.svc.cluster.local:9090]
	controller.quota.window.num = 11
	controller.quota.window.size.seconds = 1
	controller.socket.timeout.ms = 30000
	create.topic.policy.class.name = null
	default.replication.factor = 1
	delegation.token.expiry.check.interval.ms = 3600000
	delegation.token.expiry.time.ms = 86400000
	delegation.token.master.key = null
	delegation.token.max.lifetime.ms = 604800000
	delegation.token.secret.key = null
	delete.records.purgatory.purge.interval.requests = 1
	delete.topic.enable = true
	early.start.listeners = null
	eligible.leader.replicas.enable = false
	fetch.max.bytes = 57671680
	fetch.purgatory.purge.interval.requests = 1000
	group.consumer.assignors = [org.apache.kafka.coordinator.group.assignor.UniformAssignor, org.apache.kafka.coordinator.group.assignor.RangeAssignor]
	group.consumer.heartbeat.interval.ms = 5000
	group.consumer.max.heartbeat.interval.ms = 15000
	group.consumer.max.session.timeout.ms = 60000
	group.consumer.max.size = 2147483647
	group.consumer.migration.policy = disabled
	group.consumer.min.heartbeat.interval.ms = 5000
	group.consumer.min.session.timeout.ms = 45000
	group.consumer.session.timeout.ms = 45000
	group.coordinator.append.linger.ms = 10
	group.coordinator.new.enable = false
	group.coordinator.rebalance.protocols = [classic]
	group.coordinator.threads = 1
	group.initial.rebalance.delay.ms = 3000
	group.max.session.timeout.ms = 1800000
	group.max.size = 2147483647
	group.min.session.timeout.ms = 6000
	initial.broker.registration.timeout.ms = 60000
	inter.broker.listener.name = REPLICATION-9091
	inter.broker.protocol.version = 3.8-IV0
	kafka.metrics.polling.interval.secs = 10
	kafka.metrics.reporters = []
	leader.imbalance.check.interval.seconds = 300
	leader.imbalance.per.broker.percentage = 10
	listener.security.protocol.map = CONTROLPLANE-9090:SSL,REPLICATION-9091:SSL,PLAIN-9092:PLAINTEXT,TLS-9093:SSL
	listeners = CONTROLPLANE-9090://0.0.0.0:9090,REPLICATION-9091://0.0.0.0:9091,PLAIN-9092://0.0.0.0:9092,TLS-9093://0.0.0.0:9093
	log.cleaner.backoff.ms = 15000
	log.cleaner.dedupe.buffer.size = 134217728
	log.cleaner.delete.retention.ms = 86400000
	log.cleaner.enable = true
	log.cleaner.io.buffer.load.factor = 0.9
	log.cleaner.io.buffer.size = 524288
	log.cleaner.io.max.bytes.per.second = 1.7976931348623157E308
	log.cleaner.max.compaction.lag.ms = 9223372036854775807
	log.cleaner.min.cleanable.ratio = 0.5
	log.cleaner.min.compaction.lag.ms = 0
	log.cleaner.threads = 1
	log.cleanup.policy = [delete]
	log.dir = /tmp/kafka-logs
	log.dir.failure.timeout.ms = 30000
	log.dirs = /var/lib/kafka/data-0/kafka-log0
	log.flush.interval.messages = 9223372036854775807
	log.flush.interval.ms = null
	log.flush.offset.checkpoint.interval.ms = 60000
	log.flush.scheduler.interval.ms = 9223372036854775807
	log.flush.start.offset.checkpoint.interval.ms = 60000
	log.index.interval.bytes = 4096
	log.index.size.max.bytes = 10485760
	log.initial.task.delay.ms = 30000
	log.local.retention.bytes = -2
	log.local.retention.ms = -2
	log.message.downconversion.enable = true
	log.message.format.version = 3.0-IV1
	log.message.timestamp.after.max.ms = 9223372036854775807
	log.message.timestamp.before.max.ms = 9223372036854775807
	log.message.timestamp.difference.max.ms = 9223372036854775807
	log.message.timestamp.type = CreateTime
	log.preallocate = false
	log.retention.bytes = -1
	log.retention.check.interval.ms = 300000
	log.retention.hours = 168
	log.retention.minutes = null
	log.retention.ms = null
	log.roll.hours = 168
	log.roll.jitter.hours = 0
	log.roll.jitter.ms = null
	log.roll.ms = null
	log.segment.bytes = 1073741824
	log.segment.delete.delay.ms = 60000
	max.connection.creation.rate = 2147483647
	max.connections = 2147483647
	max.connections.per.ip = 2147483647
	max.connections.per.ip.overrides = 
	max.incremental.fetch.session.cache.slots = 1000
	max.request.partition.size.limit = 2000
	message.max.bytes = 1048588
	metadata.log.dir = /var/lib/kafka/data-0/kafka-log0
	metadata.log.max.record.bytes.between.snapshots = 20971520
	metadata.log.max.snapshot.interval.ms = 3600000
	metadata.log.segment.bytes = 1073741824
	metadata.log.segment.min.bytes = 8388608
	metadata.log.segment.ms = 604800000
	metadata.max.idle.interval.ms = 500
	metadata.max.retention.bytes = 104857600
	metadata.max.retention.ms = 604800000
	metric.reporters = []
	metrics.num.samples = 2
	metrics.recording.level = INFO
	metrics.sample.window.ms = 30000
	min.insync.replicas = 1
	node.id = 0
	num.io.threads = 8
	num.network.threads = 3
	num.partitions = 1
	num.recovery.threads.per.data.dir = 1
	num.replica.alter.log.dirs.threads = null
	num.replica.fetchers = 1
	offset.metadata.max.bytes = 4096
	offsets.commit.required.acks = -1
	offsets.commit.timeout.ms = 5000
	offsets.load.buffer.size = 5242880
	offsets.retention.check.interval.ms = 600000
	offsets.retention.minutes = 10080
	offsets.topic.compression.codec = 0
	offsets.topic.num.partitions = 50
	offsets.topic.replication.factor = 1
	offsets.topic.segment.bytes = 104857600
	password.encoder.cipher.algorithm = AES/CBC/PKCS5Padding
	password.encoder.iterations = 4096
	password.encoder.key.length = 128
	password.encoder.keyfactory.algorithm = null
	password.encoder.old.secret = null
	password.encoder.secret = null
	principal.builder.class = class org.apache.kafka.common.security.authenticator.DefaultKafkaPrincipalBuilder
	process.roles = [broker, controller]
	producer.id.expiration.check.interval.ms = 600000
	producer.id.expiration.ms = 86400000
	producer.purgatory.purge.interval.requests = 1000
	queued.max.request.bytes = -1
	queued.max.requests = 500
	quota.window.num = 11
	quota.window.size.seconds = 1
	remote.fetch.max.wait.ms = 500
	remote.log.index.file.cache.total.size.bytes = 1073741824
	remote.log.manager.copier.thread.pool.size = 10
	remote.log.manager.copy.max.bytes.per.second = 9223372036854775807
	remote.log.manager.copy.quota.window.num = 11
	remote.log.manager.copy.quota.window.size.seconds = 1
	remote.log.manager.expiration.thread.pool.size = 10
	remote.log.manager.fetch.max.bytes.per.second = 9223372036854775807
	remote.log.manager.fetch.quota.window.num = 11
	remote.log.manager.fetch.quota.window.size.seconds = 1
	remote.log.manager.task.interval.ms = 30000
	remote.log.manager.task.retry.backoff.max.ms = 30000
	remote.log.manager.task.retry.backoff.ms = 500
	remote.log.manager.task.retry.jitter = 0.2
	remote.log.manager.thread.pool.size = 10
	remote.log.metadata.custom.metadata.max.bytes = 128
	remote.log.metadata.manager.class.name = org.apache.kafka.server.log.remote.metadata.storage.TopicBasedRemoteLogMetadataManager
	remote.log.metadata.manager.class.path = null
	remote.log.metadata.manager.impl.prefix = rlmm.config.
	remote.log.metadata.manager.listener.name = null
	remote.log.reader.max.pending.tasks = 100
	remote.log.reader.threads = 10
	remote.log.storage.manager.class.name = null
	remote.log.storage.manager.class.path = null
	remote.log.storage.manager.impl.prefix = rsm.config.
	remote.log.storage.system.enable = false
	replica.fetch.backoff.ms = 1000
	replica.fetch.max.bytes = 1048576
	replica.fetch.min.bytes = 1
	replica.fetch.response.max.bytes = 10485760
	replica.fetch.wait.max.ms = 500
	replica.high.watermark.checkpoint.interval.ms = 5000
	replica.lag.time.max.ms = 30000
	replica.selector.class = null
	replica.socket.receive.buffer.bytes = 65536
	replica.socket.timeout.ms = 30000
	replication.quota.window.num = 11
	replication.quota.window.size.seconds = 1
	request.timeout.ms = 30000
	reserved.broker.max.id = 1000
	sasl.client.callback.handler.class = null
	sasl.enabled.mechanisms = []
	sasl.jaas.config = null
	sasl.kerberos.kinit.cmd = /usr/bin/kinit
	sasl.kerberos.min.time.before.relogin = 60000
	sasl.kerberos.principal.to.local.rules = [DEFAULT]
	sasl.kerberos.service.name = null
	sasl.kerberos.ticket.renew.jitter = 0.05
	sasl.kerberos.ticket.renew.window.factor = 0.8
	sasl.login.callback.handler.class = null
	sasl.login.class = null
	sasl.login.connect.timeout.ms = null
	sasl.login.read.timeout.ms = null
	sasl.login.refresh.buffer.seconds = 300
	sasl.login.refresh.min.period.seconds = 60
	sasl.login.refresh.window.factor = 0.8
	sasl.login.refresh.window.jitter = 0.05
	sasl.login.retry.backoff.max.ms = 10000
	sasl.login.retry.backoff.ms = 100
	sasl.mechanism.controller.protocol = GSSAPI
	sasl.mechanism.inter.broker.protocol = GSSAPI
	sasl.oauthbearer.clock.skew.seconds = 30
	sasl.oauthbearer.expected.audience = null
	sasl.oauthbearer.expected.issuer = null
	sasl.oauthbearer.jwks.endpoint.refresh.ms = 3600000
	sasl.oauthbearer.jwks.endpoint.retry.backoff.max.ms = 10000
	sasl.oauthbearer.jwks.endpoint.retry.backoff.ms = 100
	sasl.oauthbearer.jwks.endpoint.url = null
	sasl.oauthbearer.scope.claim.name = scope
	sasl.oauthbearer.sub.claim.name = sub
	sasl.oauthbearer.token.endpoint.url = null
	sasl.server.callback.handler.class = null
	sasl.server.max.receive.size = 524288
	security.inter.broker.protocol = PLAINTEXT
	security.providers = null
	server.max.startup.time.ms = 9223372036854775807
	socket.connection.setup.timeout.max.ms = 30000
	socket.connection.setup.timeout.ms = 10000
	socket.listen.backlog.size = 50
	socket.receive.buffer.bytes = 102400
	socket.request.max.bytes = 104857600
	socket.send.buffer.bytes = 102400
	ssl.allow.dn.changes = false
	ssl.allow.san.changes = false
	ssl.cipher.suites = []
	ssl.client.auth = none
	ssl.enabled.protocols = [TLSv1.2, TLSv1.3]
	ssl.endpoint.identification.algorithm = HTTPS
	ssl.engine.factory.class = null
	ssl.key.password = null
	ssl.keymanager.algorithm = SunX509
	ssl.keystore.certificate.chain = null
	ssl.keystore.key = null
	ssl.keystore.location = null
	ssl.keystore.password = null
	ssl.keystore.type = JKS
	ssl.principal.mapping.rules = DEFAULT
	ssl.protocol = TLSv1.3
	ssl.provider = null
	ssl.secure.random.implementation = null
	ssl.trustmanager.algorithm = PKIX
	ssl.truststore.certificates = null
	ssl.truststore.location = null
	ssl.truststore.password = null
	ssl.truststore.type = JKS
	telemetry.max.bytes = 1048576
	transaction.abort.timed.out.transaction.cleanup.interval.ms = 10000
	transaction.max.timeout.ms = 900000
	transaction.partition.verification.enable = true
	transaction.remove.expired.transaction.cleanup.interval.ms = 3600000
	transaction.state.log.load.buffer.size = 5242880
	transaction.state.log.min.isr = 1
	transaction.state.log.num.partitions = 50
	transaction.state.log.replication.factor = 1
	transaction.state.log.segment.bytes = 104857600
	transactional.id.expiration.ms = 604800000
	unclean.leader.election.enable = false
	unstable.api.versions.enable = false
	unstable.feature.versions.enable = false
	zookeeper.clientCnxnSocket = null
	zookeeper.connect = null
	zookeeper.connection.timeout.ms = null
	zookeeper.max.in.flight.requests = 10
	zookeeper.metadata.migration.enable = false
	zookeeper.metadata.migration.min.batch.size = 200
	zookeeper.session.timeout.ms = 18000
	zookeeper.set.acl = false
	zookeeper.ssl.cipher.suites = null
	zookeeper.ssl.client.enable = false
	zookeeper.ssl.crl.enable = false
	zookeeper.ssl.enabled.protocols = null
	zookeeper.ssl.endpoint.identification.algorithm = HTTPS
	zookeeper.ssl.keystore.location = null
	zookeeper.ssl.keystore.password = null
	zookeeper.ssl.keystore.type = null
	zookeeper.ssl.ocsp.enable = false
	zookeeper.ssl.protocol = TLSv1.2
	zookeeper.ssl.truststore.location = null
	zookeeper.ssl.truststore.password = null
	zookeeper.ssl.truststore.type = null
 (kafka.server.KafkaConfig) [main]
2026-05-18 13:17:42,176 INFO Setting -D jdk.tls.rejectClientInitiatedRenegotiation=true to disable client-initiated TLS renegotiation (org.apache.zookeeper.common.X509Util) [main]
2026-05-18 13:17:42,177 INFO RemoteLogManagerConfig values: 
	log.local.retention.bytes = -2
	log.local.retention.ms = -2
	remote.fetch.max.wait.ms = 500
	remote.log.index.file.cache.total.size.bytes = 1073741824
	remote.log.manager.copier.thread.pool.size = 10
	remote.log.manager.copy.max.bytes.per.second = 9223372036854775807
	remote.log.manager.copy.quota.window.num = 11
	remote.log.manager.copy.quota.window.size.seconds = 1
	remote.log.manager.expiration.thread.pool.size = 10
	remote.log.manager.fetch.max.bytes.per.second = 9223372036854775807
	remote.log.manager.fetch.quota.window.num = 11
	remote.log.manager.fetch.quota.window.size.seconds = 1
	remote.log.manager.task.interval.ms = 30000
	remote.log.manager.task.retry.backoff.max.ms = 30000
	remote.log.manager.task.retry.backoff.ms = 500
	remote.log.manager.task.retry.jitter = 0.2
	remote.log.manager.thread.pool.size = 10
	remote.log.metadata.custom.metadata.max.bytes = 128
	remote.log.metadata.manager.class.name = org.apache.kafka.server.log.remote.metadata.storage.TopicBasedRemoteLogMetadataManager
	remote.log.metadata.manager.class.path = null
	remote.log.metadata.manager.impl.prefix = rlmm.config.
	remote.log.metadata.manager.listener.name = null
	remote.log.reader.max.pending.tasks = 100
	remote.log.reader.threads = 10
	remote.log.storage.manager.class.name = null
	remote.log.storage.manager.class.path = null
	remote.log.storage.manager.impl.prefix = rsm.config.
	remote.log.storage.system.enable = false
 (org.apache.kafka.server.log.remote.storage.RemoteLogManagerConfig) [main]
Formatting /var/lib/kafka/data-0/kafka-log0 with metadata.version 3.8-IV0.
KRaft storage formatting is done
+ exec /usr/bin/tini -w -e 143 -- /opt/kafka/bin/kafka-server-start.sh /tmp/strimzi.properties
2026-05-18 13:17:43,290 INFO Starting KafkaAgent with brokerReadyFile=null, sessionConnectedFile=null, sslKeyStorePath=/tmp/kafka/cluster.keystore.p12, sslTrustStore=/tmp/kafka/cluster.truststore.p12 (io.strimzi.kafka.agent.KafkaAgent) [main]
2026-05-18 13:17:43,318 INFO Logging initialized @306ms to org.eclipse.jetty.util.log.Slf4jLog (org.eclipse.jetty.util.log) [main]
2026-05-18 13:17:43,405 INFO jetty-9.4.54.v20240208; built: 2024-02-08T19:42:39.027Z; git: cef3fbd6d736a21e7d541a5db490381d95a2047d; jvm 17.0.12+7-LTS (org.eclipse.jetty.server.Server) [main]
2026-05-18 13:17:43,432 INFO Started o.e.j.s.h.ContextHandler@1d371b2d{/v1/broker-state,null,AVAILABLE} (org.eclipse.jetty.server.handler.ContextHandler) [main]
2026-05-18 13:17:43,432 INFO Started o.e.j.s.h.ContextHandler@4e718207{/v1/ready,null,AVAILABLE} (org.eclipse.jetty.server.handler.ContextHandler) [main]
2026-05-18 13:17:43,432 INFO Started o.e.j.s.h.ContextHandler@543c6f6d{/v1/kraft-migration,null,AVAILABLE} (org.eclipse.jetty.server.handler.ContextHandler) [main]
2026-05-18 13:17:43,640 INFO x509=X509@5a63f509(my-cluster-dual-role-0,h=[my-cluster-kafka-bootstrap.ksql043, my-cluster-kafka-bootstrap, my-cluster-kafka-brokers, my-cluster-kafka-brokers.ksql043, my-cluster-kafka-brokers.ksql043.svc, my-cluster-kafka-brokers.ksql043.svc.cluster.local, my-cluster-kafka-bootstrap.ksql043.svc, my-cluster-kafka-bootstrap.ksql043.svc.cluster.local, my-cluster-dual-role-0.my-cluster-kafka-brokers.ksql043.svc.cluster.local, my-cluster-dual-role-0.my-cluster-kafka-brokers.ksql043.svc, my-cluster-kafka],a=[],w=[]) for Server@6e4784bc[provider=null,keyStore=file:///tmp/kafka/cluster.keystore.p12,trustStore=file:///tmp/kafka/cluster.truststore.p12] (org.eclipse.jetty.util.ssl.SslContextFactory) [main]
2026-05-18 13:17:43,743 INFO Started ServerConnector@76b0bfab{SSL, (ssl, http/1.1)}{0.0.0.0:8443} (org.eclipse.jetty.server.AbstractConnector) [main]
2026-05-18 13:17:43,744 INFO Started ServerConnector@6a1aab78{HTTP/1.1, (http/1.1)}{0.0.0.0:8080} (org.eclipse.jetty.server.AbstractConnector) [main]
2026-05-18 13:17:43,744 INFO Started @736ms (org.eclipse.jetty.server.Server) [main]
2026-05-18 13:17:43,745 INFO Starting metrics registry (io.strimzi.kafka.agent.KafkaAgent) [main]
2026-05-18 13:17:43,877 INFO Found class org.apache.kafka.server.metrics.KafkaYammerMetrics for Kafka 3.3 and newer. (io.strimzi.kafka.agent.KafkaAgent) [main]
2026-05-18 13:17:43,957 INFO Registered kafka:type=kafka.Log4jController MBean (kafka.utils.Log4jControllerRegistration$) [main]
2026-05-18 13:17:44,206 INFO Setting -D jdk.tls.rejectClientInitiatedRenegotiation=true to disable client-initiated TLS renegotiation (org.apache.zookeeper.common.X509Util) [main]
2026-05-18 13:17:44,209 INFO RemoteLogManagerConfig values: 
	log.local.retention.bytes = -2
	log.local.retention.ms = -2
	remote.fetch.max.wait.ms = 500
	remote.log.index.file.cache.total.size.bytes = 1073741824
	remote.log.manager.copier.thread.pool.size = 10
	remote.log.manager.copy.max.bytes.per.second = 9223372036854775807
	remote.log.manager.copy.quota.window.num = 11
	remote.log.manager.copy.quota.window.size.seconds = 1
	remote.log.manager.expiration.thread.pool.size = 10
	remote.log.manager.fetch.max.bytes.per.second = 9223372036854775807
	remote.log.manager.fetch.quota.window.num = 11
	remote.log.manager.fetch.quota.window.size.seconds = 1
	remote.log.manager.task.interval.ms = 30000
	remote.log.manager.task.retry.backoff.max.ms = 30000
	remote.log.manager.task.retry.backoff.ms = 500
	remote.log.manager.task.retry.jitter = 0.2
	remote.log.manager.thread.pool.size = 10
	remote.log.metadata.custom.metadata.max.bytes = 128
	remote.log.metadata.manager.class.name = org.apache.kafka.server.log.remote.metadata.storage.TopicBasedRemoteLogMetadataManager
	remote.log.metadata.manager.class.path = null
	remote.log.metadata.manager.impl.prefix = rlmm.config.
	remote.log.metadata.manager.listener.name = null
	remote.log.reader.max.pending.tasks = 100
	remote.log.reader.threads = 10
	remote.log.storage.manager.class.name = null
	remote.log.storage.manager.class.path = null
	remote.log.storage.manager.impl.prefix = rsm.config.
	remote.log.storage.system.enable = false
 (org.apache.kafka.server.log.remote.storage.RemoteLogManagerConfig) [main]
2026-05-18 13:17:44,332 INFO RemoteLogManagerConfig values: 
	log.local.retention.bytes = -2
	log.local.retention.ms = -2
	remote.fetch.max.wait.ms = 500
	remote.log.index.file.cache.total.size.bytes = 1073741824
	remote.log.manager.copier.thread.pool.size = 10
	remote.log.manager.copy.max.bytes.per.second = 9223372036854775807
	remote.log.manager.copy.quota.window.num = 11
	remote.log.manager.copy.quota.window.size.seconds = 1
	remote.log.manager.expiration.thread.pool.size = 10
	remote.log.manager.fetch.max.bytes.per.second = 9223372036854775807
	remote.log.manager.fetch.quota.window.num = 11
	remote.log.manager.fetch.quota.window.size.seconds = 1
	remote.log.manager.task.interval.ms = 30000
	remote.log.manager.task.retry.backoff.max.ms = 30000
	remote.log.manager.task.retry.backoff.ms = 500
	remote.log.manager.task.retry.jitter = 0.2
	remote.log.manager.thread.pool.size = 10
	remote.log.metadata.custom.metadata.max.bytes = 128
	remote.log.metadata.manager.class.name = org.apache.kafka.server.log.remote.metadata.storage.TopicBasedRemoteLogMetadataManager
	remote.log.metadata.manager.class.path = null
	remote.log.metadata.manager.impl.prefix = rlmm.config.
	remote.log.metadata.manager.listener.name = null
	remote.log.reader.max.pending.tasks = 100
	remote.log.reader.threads = 10
	remote.log.storage.manager.class.name = null
	remote.log.storage.manager.class.path = null
	remote.log.storage.manager.impl.prefix = rsm.config.
	remote.log.storage.system.enable = false
 (org.apache.kafka.server.log.remote.storage.RemoteLogManagerConfig) [main]
2026-05-18 13:17:44,343 INFO RemoteLogManagerConfig values: 
	log.local.retention.bytes = -2
	log.local.retention.ms = -2
	remote.fetch.max.wait.ms = 500
	remote.log.index.file.cache.total.size.bytes = 1073741824
	remote.log.manager.copier.thread.pool.size = 10
	remote.log.manager.copy.max.bytes.per.second = 9223372036854775807
	remote.log.manager.copy.quota.window.num = 11
	remote.log.manager.copy.quota.window.size.seconds = 1
	remote.log.manager.expiration.thread.pool.size = 10
	remote.log.manager.fetch.max.bytes.per.second = 9223372036854775807
	remote.log.manager.fetch.quota.window.num = 11
	remote.log.manager.fetch.quota.window.size.seconds = 1
	remote.log.manager.task.interval.ms = 30000
	remote.log.manager.task.retry.backoff.max.ms = 30000
	remote.log.manager.task.retry.backoff.ms = 500
	remote.log.manager.task.retry.jitter = 0.2
	remote.log.manager.thread.pool.size = 10
	remote.log.metadata.custom.metadata.max.bytes = 128
	remote.log.metadata.manager.class.name = org.apache.kafka.server.log.remote.metadata.storage.TopicBasedRemoteLogMetadataManager
	remote.log.metadata.manager.class.path = null
	remote.log.metadata.manager.impl.prefix = rlmm.config.
	remote.log.metadata.manager.listener.name = null
	remote.log.reader.max.pending.tasks = 100
	remote.log.reader.threads = 10
	remote.log.storage.manager.class.name = null
	remote.log.storage.manager.class.path = null
	remote.log.storage.manager.impl.prefix = rsm.config.
	remote.log.storage.system.enable = false
 (org.apache.kafka.server.log.remote.storage.RemoteLogManagerConfig) [main]
2026-05-18 13:17:44,376 INFO Registered signal handlers for TERM, INT, HUP (org.apache.kafka.common.utils.LoggingSignalHandler) [main]
2026-05-18 13:17:44,379 INFO [ControllerServer id=0] Starting controller (kafka.server.ControllerServer) [main]
2026-05-18 13:17:44,381 INFO RemoteLogManagerConfig values: 
	log.local.retention.bytes = -2
	log.local.retention.ms = -2
	remote.fetch.max.wait.ms = 500
	remote.log.index.file.cache.total.size.bytes = 1073741824
	remote.log.manager.copier.thread.pool.size = 10
	remote.log.manager.copy.max.bytes.per.second = 9223372036854775807
	remote.log.manager.copy.quota.window.num = 11
	remote.log.manager.copy.quota.window.size.seconds = 1
	remote.log.manager.expiration.thread.pool.size = 10
	remote.log.manager.fetch.max.bytes.per.second = 9223372036854775807
	remote.log.manager.fetch.quota.window.num = 11
	remote.log.manager.fetch.quota.window.size.seconds = 1
	remote.log.manager.task.interval.ms = 30000
	remote.log.manager.task.retry.backoff.max.ms = 30000
	remote.log.manager.task.retry.backoff.ms = 500
	remote.log.manager.task.retry.jitter = 0.2
	remote.log.manager.thread.pool.size = 10
	remote.log.metadata.custom.metadata.max.bytes = 128
	remote.log.metadata.manager.class.name = org.apache.kafka.server.log.remote.metadata.storage.TopicBasedRemoteLogMetadataManager
	remote.log.metadata.manager.class.path = null
	remote.log.metadata.manager.impl.prefix = rlmm.config.
	remote.log.metadata.manager.listener.name = null
	remote.log.reader.max.pending.tasks = 100
	remote.log.reader.threads = 10
	remote.log.storage.manager.class.name = null
	remote.log.storage.manager.class.path = null
	remote.log.storage.manager.impl.prefix = rsm.config.
	remote.log.storage.system.enable = false
 (org.apache.kafka.server.log.remote.storage.RemoteLogManagerConfig) [main]
2026-05-18 13:17:44,805 INFO Updated connection-accept-rate max connection creation rate to 2147483647 (kafka.network.ConnectionQuotas) [main]
2026-05-18 13:17:44,957 INFO [SocketServer listenerType=CONTROLLER, nodeId=0] Created data-plane acceptor and processors for endpoint : ListenerName(CONTROLPLANE-9090) (kafka.network.SocketServer) [main]
2026-05-18 13:17:44,965 INFO authorizerStart completed for endpoint CONTROLPLANE-9090. Endpoint is now READY. (org.apache.kafka.server.network.EndpointReadyFutures) [main]
2026-05-18 13:17:44,966 INFO [SharedServer id=0] Starting SharedServer (kafka.server.SharedServer) [main]
2026-05-18 13:17:44,968 INFO RemoteLogManagerConfig values: 
	log.local.retention.bytes = -2
	log.local.retention.ms = -2
	remote.fetch.max.wait.ms = 500
	remote.log.index.file.cache.total.size.bytes = 1073741824
	remote.log.manager.copier.thread.pool.size = 10
	remote.log.manager.copy.max.bytes.per.second = 9223372036854775807
	remote.log.manager.copy.quota.window.num = 11
	remote.log.manager.copy.quota.window.size.seconds = 1
	remote.log.manager.expiration.thread.pool.size = 10
	remote.log.manager.fetch.max.bytes.per.second = 9223372036854775807
	remote.log.manager.fetch.quota.window.num = 11
	remote.log.manager.fetch.quota.window.size.seconds = 1
	remote.log.manager.task.interval.ms = 30000
	remote.log.manager.task.retry.backoff.max.ms = 30000
	remote.log.manager.task.retry.backoff.ms = 500
	remote.log.manager.task.retry.jitter = 0.2
	remote.log.manager.thread.pool.size = 10
	remote.log.metadata.custom.metadata.max.bytes = 128
	remote.log.metadata.manager.class.name = org.apache.kafka.server.log.remote.metadata.storage.TopicBasedRemoteLogMetadataManager
	remote.log.metadata.manager.class.path = null
	remote.log.metadata.manager.impl.prefix = rlmm.config.
	remote.log.metadata.manager.listener.name = null
	remote.log.reader.max.pending.tasks = 100
	remote.log.reader.threads = 10
	remote.log.storage.manager.class.name = null
	remote.log.storage.manager.class.path = null
	remote.log.storage.manager.impl.prefix = rsm.config.
	remote.log.storage.system.enable = false
 (org.apache.kafka.server.log.remote.storage.RemoteLogManagerConfig) [main]
2026-05-18 13:17:45,034 INFO [LogLoader partition=__cluster_metadata-0, dir=/var/lib/kafka/data-0/kafka-log0] Loading producer state till offset 0 with message format version 2 (kafka.log.UnifiedLog$) [main]
2026-05-18 13:17:45,035 INFO [LogLoader partition=__cluster_metadata-0, dir=/var/lib/kafka/data-0/kafka-log0] Reloading from producer snapshot and rebuilding producer state from offset 0 (kafka.log.UnifiedLog$) [main]
2026-05-18 13:17:45,035 INFO [LogLoader partition=__cluster_metadata-0, dir=/var/lib/kafka/data-0/kafka-log0] Producer state recovery took 0ms for snapshot load and 0ms for segment recovery from offset 0 (kafka.log.UnifiedLog$) [main]
2026-05-18 13:17:45,079 INFO Initialized snapshots with IDs SortedSet() from /var/lib/kafka/data-0/kafka-log0/__cluster_metadata-0 (kafka.raft.KafkaMetadataLog$) [main]
2026-05-18 13:17:45,135 INFO [raft-expiration-reaper]: Starting (kafka.raft.TimingWheelExpirationService$ExpiredOperationReaper) [raft-expiration-reaper]
2026-05-18 13:17:45,148 INFO [RaftManager id=0] Reading KRaft snapshot and log as part of the initialization (org.apache.kafka.raft.KafkaRaftClient) [main]
2026-05-18 13:17:45,150 INFO [RaftManager id=0] Starting request manager with static voters: [my-cluster-dual-role-0.my-cluster-kafka-brokers.ksql043.svc.cluster.local:9090 (id: 0 rack: null)] (org.apache.kafka.raft.KafkaRaftClient) [main]
2026-05-18 13:17:45,298 INFO [RaftManager id=0] Completed transition to Unattached(epoch=0, voters=[0], electionTimeoutMs=1735) from null (org.apache.kafka.raft.QuorumState) [main]
2026-05-18 13:17:45,304 INFO [RaftManager id=0] Completed transition to CandidateState(localId=0, localDirectoryId=DeZRrpSC444Gw-SmlroJ3A,epoch=1, retries=1, voteStates={0=GRANTED}, highWatermark=Optional.empty, electionTimeoutMs=1048) from Unattached(epoch=0, voters=[0], electionTimeoutMs=1735) (org.apache.kafka.raft.QuorumState) [main]
2026-05-18 13:17:45,312 INFO [RaftManager id=0] Completed transition to Leader(localId=0, epoch=1, epochStartOffset=0, highWatermark=Optional.empty, voterStates={0=ReplicaState(nodeId=0, endOffset=Optional.empty, lastFetchTimestamp=-1, lastCaughtUpTimestamp=-1, hasAcknowledgedLeader=true)}) from CandidateState(localId=0, localDirectoryId=DeZRrpSC444Gw-SmlroJ3A,epoch=1, retries=1, voteStates={0=GRANTED}, highWatermark=Optional.empty, electionTimeoutMs=1048) (org.apache.kafka.raft.QuorumState) [main]
2026-05-18 13:17:45,338 INFO [kafka-0-raft-outbound-request-thread]: Starting (org.apache.kafka.raft.KafkaNetworkChannel$SendThread) [kafka-0-raft-outbound-request-thread]
2026-05-18 13:17:45,338 INFO [kafka-0-raft-io-thread]: Starting (org.apache.kafka.raft.KafkaRaftClientDriver) [kafka-0-raft-io-thread]
2026-05-18 13:17:45,361 INFO [ControllerServer id=0] Waiting for controller quorum voters future (kafka.server.ControllerServer) [main]
2026-05-18 13:17:45,361 INFO [ControllerServer id=0] Finished waiting for controller quorum voters future (kafka.server.ControllerServer) [main]
2026-05-18 13:17:45,363 INFO [RaftManager id=0] High watermark set to LogOffsetMetadata(offset=1, metadata=Optional[(segmentBaseOffset=0,relativePositionInSegment=91)]) for the first time for epoch 1 based on indexOfHw 0 and voters [ReplicaState(nodeId=0, endOffset=Optional[LogOffsetMetadata(offset=1, metadata=Optional[(segmentBaseOffset=0,relativePositionInSegment=91)])], lastFetchTimestamp=-1, lastCaughtUpTimestamp=-1, hasAcknowledgedLeader=true)] (org.apache.kafka.raft.LeaderState) [kafka-0-raft-io-thread]
2026-05-18 13:17:45,364 INFO [MetadataLoader id=0] initializeNewPublishers: The loader is still catching up because we have loaded up to offset -1, but the high water mark is 1 (org.apache.kafka.image.loader.MetadataLoader) [kafka-0-metadata-loader-event-handler]
2026-05-18 13:17:45,374 INFO [RaftManager id=0] Registered the listener org.apache.kafka.image.loader.MetadataLoader@664963021 (org.apache.kafka.raft.KafkaRaftClient) [kafka-0-raft-io-thread]
2026-05-18 13:17:45,379 INFO [MetadataLoader id=0] maybePublishMetadata(LOG_DELTA): The loader is still catching up because we have not loaded a controller record as of offset 0 and high water mark is 1 (org.apache.kafka.image.loader.MetadataLoader) [kafka-0-metadata-loader-event-handler]
2026-05-18 13:17:45,398 INFO [QuorumController id=0] Creating new QuorumController with clusterId 5igje94GTwCc5z0WUkKPPA. (org.apache.kafka.controller.QuorumController) [main]
2026-05-18 13:17:45,399 INFO [RaftManager id=0] Registered the listener org.apache.kafka.controller.QuorumController$QuorumMetaLogListener@1477440510 (org.apache.kafka.raft.KafkaRaftClient) [kafka-0-raft-io-thread]
2026-05-18 13:17:45,415 INFO [QuorumController id=0] Becoming the active controller at epoch 1, next write offset 1. (org.apache.kafka.controller.QuorumController) [quorum-controller-0-event-handler]
2026-05-18 13:17:45,421 WARN [QuorumController id=0] Performing controller activation. The metadata log appears to be empty. Appending 1 bootstrap record(s) in metadata transaction at metadata.version 3.8-IV0 from bootstrap source 'the binary bootstrap metadata file: /var/lib/kafka/data-0/kafka-log0/bootstrap.checkpoint'. Setting the ZK migration state to NONE since this is a de-novo KRaft cluster. (org.apache.kafka.controller.QuorumController) [quorum-controller-0-event-handler]
2026-05-18 13:17:45,421 INFO [controller-0-ThrottledChannelReaper-Fetch]: Starting (kafka.server.ClientQuotaManager$ThrottledChannelReaper) [controller-0-ThrottledChannelReaper-Fetch]
2026-05-18 13:17:45,422 INFO [controller-0-ThrottledChannelReaper-Produce]: Starting (kafka.server.ClientQuotaManager$ThrottledChannelReaper) [controller-0-ThrottledChannelReaper-Produce]
2026-05-18 13:17:45,425 INFO [QuorumController id=0] Replayed BeginTransactionRecord(name='Bootstrap records') at offset 1. (org.apache.kafka.controller.OffsetControlManager) [quorum-controller-0-event-handler]
2026-05-18 13:17:45,425 INFO [QuorumController id=0] Replayed a FeatureLevelRecord setting metadata.version to 3.8-IV0 (org.apache.kafka.controller.FeatureControlManager) [quorum-controller-0-event-handler]
2026-05-18 13:17:45,426 INFO [controller-0-ThrottledChannelReaper-Request]: Starting (kafka.server.ClientQuotaManager$ThrottledChannelReaper) [controller-0-ThrottledChannelReaper-Request]
2026-05-18 13:17:45,427 INFO [controller-0-ThrottledChannelReaper-ControllerMutation]: Starting (kafka.server.ClientQuotaManager$ThrottledChannelReaper) [controller-0-ThrottledChannelReaper-ControllerMutation]
2026-05-18 13:17:45,426 INFO [QuorumController id=0] Replayed EndTransactionRecord() at offset 4. (org.apache.kafka.controller.OffsetControlManager) [quorum-controller-0-event-handler]
2026-05-18 13:17:45,460 INFO [ExpirationReaper-0-AlterAcls]: Starting (kafka.server.DelayedOperationPurgatory$ExpiredOperationReaper) [ExpirationReaper-0-AlterAcls]
2026-05-18 13:17:45,464 INFO [MetadataLoader id=0] maybePublishMetadata(LOG_DELTA): The loader finished catching up to the current high water mark of 5 (org.apache.kafka.image.loader.MetadataLoader) [kafka-0-metadata-loader-event-handler]
2026-05-18 13:17:45,467 INFO [MetadataLoader id=0] InitializeNewPublishers: initializing SnapshotGenerator with a snapshot at offset 4 (org.apache.kafka.image.loader.MetadataLoader) [kafka-0-metadata-loader-event-handler]
2026-05-18 13:17:45,481 INFO [ControllerServer id=0] Waiting for the controller metadata publishers to be installed (kafka.server.ControllerServer) [main]
2026-05-18 13:17:45,481 INFO [ControllerServer id=0] Finished waiting for the controller metadata publishers to be installed (kafka.server.ControllerServer) [main]
2026-05-18 13:17:45,481 INFO [MetadataLoader id=0] InitializeNewPublishers: initializing KRaftMetadataCachePublisher with a snapshot at offset 4 (org.apache.kafka.image.loader.MetadataLoader) [kafka-0-metadata-loader-event-handler]
2026-05-18 13:17:45,494 INFO [MetadataLoader id=0] InitializeNewPublishers: initializing FeaturesPublisher with a snapshot at offset 4 (org.apache.kafka.image.loader.MetadataLoader) [kafka-0-metadata-loader-event-handler]
2026-05-18 13:17:45,494 INFO [ControllerServer id=0] Loaded new metadata Features(metadataVersion=3.8-IV0, finalizedFeatures={metadata.version=20}, finalizedFeaturesEpoch=4). (org.apache.kafka.metadata.publisher.FeaturesPublisher) [kafka-0-metadata-loader-event-handler]
2026-05-18 13:17:45,494 INFO [SocketServer listenerType=CONTROLLER, nodeId=0] Enabling request processing. (kafka.network.SocketServer) [main]
2026-05-18 13:17:45,495 INFO [MetadataLoader id=0] InitializeNewPublishers: initializing ControllerRegistrationsPublisher with a snapshot at offset 4 (org.apache.kafka.image.loader.MetadataLoader) [kafka-0-metadata-loader-event-handler]
2026-05-18 13:17:45,496 INFO [MetadataLoader id=0] InitializeNewPublishers: initializing ControllerRegistrationManager with a snapshot at offset 4 (org.apache.kafka.image.loader.MetadataLoader) [kafka-0-metadata-loader-event-handler]
2026-05-18 13:17:45,496 INFO [MetadataLoader id=0] InitializeNewPublishers: initializing DynamicConfigPublisher controller id=0 with a snapshot at offset 4 (org.apache.kafka.image.loader.MetadataLoader) [kafka-0-metadata-loader-event-handler]
2026-05-18 13:17:45,497 INFO Awaiting socket connections on 0.0.0.0:9090. (kafka.network.DataPlaneAcceptor) [main]
2026-05-18 13:17:45,497 INFO [MetadataLoader id=0] InitializeNewPublishers: initializing DynamicClientQuotaPublisher controller id=0 with a snapshot at offset 4 (org.apache.kafka.image.loader.MetadataLoader) [kafka-0-metadata-loader-event-handler]
2026-05-18 13:17:45,499 INFO [MetadataLoader id=0] InitializeNewPublishers: initializing ScramPublisher controller id=0 with a snapshot at offset 4 (org.apache.kafka.image.loader.MetadataLoader) [kafka-0-metadata-loader-event-handler]
2026-05-18 13:17:45,500 INFO [MetadataLoader id=0] InitializeNewPublishers: initializing DelegationTokenPublisher controller id=0 with a snapshot at offset 4 (org.apache.kafka.image.loader.MetadataLoader) [kafka-0-metadata-loader-event-handler]
2026-05-18 13:17:45,502 INFO [MetadataLoader id=0] InitializeNewPublishers: initializing ControllerMetadataMetricsPublisher with a snapshot at offset 4 (org.apache.kafka.image.loader.MetadataLoader) [kafka-0-metadata-loader-event-handler]
2026-05-18 13:17:45,502 INFO [MetadataLoader id=0] InitializeNewPublishers: initializing AclPublisher controller id=0 with a snapshot at offset 4 (org.apache.kafka.image.loader.MetadataLoader) [kafka-0-metadata-loader-event-handler]
2026-05-18 13:17:45,541 INFO [controller-0-to-controller-registration-channel-manager]: Starting (kafka.server.NodeToControllerRequestThread) [controller-0-to-controller-registration-channel-manager]
2026-05-18 13:17:45,541 INFO [ControllerServer id=0] Waiting for all of the authorizer futures to be completed (kafka.server.ControllerServer) [main]
2026-05-18 13:17:45,542 INFO [ControllerServer id=0] Finished waiting for all of the authorizer futures to be completed (kafka.server.ControllerServer) [main]
2026-05-18 13:17:45,542 INFO [ControllerServer id=0] Waiting for all of the SocketServer Acceptors to be started (kafka.server.ControllerServer) [main]
2026-05-18 13:17:45,542 INFO [ControllerServer id=0] Finished waiting for all of the SocketServer Acceptors to be started (kafka.server.ControllerServer) [main]
2026-05-18 13:17:45,542 INFO [ControllerRegistrationManager id=0 incarnation=ddqMglakR-OWRgsYu6AYFg] initialized channel manager. (kafka.server.ControllerRegistrationManager) [controller-0-registration-manager-event-handler]
2026-05-18 13:17:45,542 INFO [controller-0-to-controller-registration-channel-manager]: Recorded new KRaft controller, from now on will use node my-cluster-dual-role-0.my-cluster-kafka-brokers.ksql043.svc.cluster.local:9090 (id: 0 rack: null) (kafka.server.NodeToControllerRequestThread) [controller-0-to-controller-registration-channel-manager]
2026-05-18 13:17:45,542 INFO [BrokerServer id=0] Transition from SHUTDOWN to STARTING (kafka.server.BrokerServer) [main]
2026-05-18 13:17:45,543 INFO [BrokerServer id=0] Starting broker (kafka.server.BrokerServer) [main]
2026-05-18 13:17:45,544 INFO [ControllerRegistrationManager id=0 incarnation=ddqMglakR-OWRgsYu6AYFg] sendControllerRegistration: attempting to send ControllerRegistrationRequestData(controllerId=0, incarnationId=ddqMglakR-OWRgsYu6AYFg, zkMigrationReady=false, listeners=[Listener(name='CONTROLPLANE-9090', host='0.0.0.0', port=9090, securityProtocol=1)], features=[Feature(name='metadata.version', minSupportedVersion=1, maxSupportedVersion=20)]) (kafka.server.ControllerRegistrationManager) [controller-0-registration-manager-event-handler]
2026-05-18 13:17:45,545 INFO RemoteLogManagerConfig values: 
	log.local.retention.bytes = -2
	log.local.retention.ms = -2
	remote.fetch.max.wait.ms = 500
	remote.log.index.file.cache.total.size.bytes = 1073741824
	remote.log.manager.copier.thread.pool.size = 10
	remote.log.manager.copy.max.bytes.per.second = 9223372036854775807
	remote.log.manager.copy.quota.window.num = 11
	remote.log.manager.copy.quota.window.size.seconds = 1
	remote.log.manager.expiration.thread.pool.size = 10
	remote.log.manager.fetch.max.bytes.per.second = 9223372036854775807
	remote.log.manager.fetch.quota.window.num = 11
	remote.log.manager.fetch.quota.window.size.seconds = 1
	remote.log.manager.task.interval.ms = 30000
	remote.log.manager.task.retry.backoff.max.ms = 30000
	remote.log.manager.task.retry.backoff.ms = 500
	remote.log.manager.task.retry.jitter = 0.2
	remote.log.manager.thread.pool.size = 10
	remote.log.metadata.custom.metadata.max.bytes = 128
	remote.log.metadata.manager.class.name = org.apache.kafka.server.log.remote.metadata.storage.TopicBasedRemoteLogMetadataManager
	remote.log.metadata.manager.class.path = null
	remote.log.metadata.manager.impl.prefix = rlmm.config.
	remote.log.metadata.manager.listener.name = null
	remote.log.reader.max.pending.tasks = 100
	remote.log.reader.threads = 10
	remote.log.storage.manager.class.name = null
	remote.log.storage.manager.class.path = null
	remote.log.storage.manager.impl.prefix = rsm.config.
	remote.log.storage.system.enable = false
 (org.apache.kafka.server.log.remote.storage.RemoteLogManagerConfig) [main]
2026-05-18 13:17:45,551 INFO [broker-0-ThrottledChannelReaper-Fetch]: Starting (kafka.server.ClientQuotaManager$ThrottledChannelReaper) [broker-0-ThrottledChannelReaper-Fetch]
2026-05-18 13:17:45,551 INFO [broker-0-ThrottledChannelReaper-Produce]: Starting (kafka.server.ClientQuotaManager$ThrottledChannelReaper) [broker-0-ThrottledChannelReaper-Produce]
2026-05-18 13:17:45,551 INFO [broker-0-ThrottledChannelReaper-Request]: Starting (kafka.server.ClientQuotaManager$ThrottledChannelReaper) [broker-0-ThrottledChannelReaper-Request]
2026-05-18 13:17:45,552 INFO [broker-0-ThrottledChannelReaper-ControllerMutation]: Starting (kafka.server.ClientQuotaManager$ThrottledChannelReaper) [broker-0-ThrottledChannelReaper-ControllerMutation]
2026-05-18 13:17:45,586 INFO [BrokerServer id=0] Waiting for controller quorum voters future (kafka.server.BrokerServer) [main]
2026-05-18 13:17:45,586 INFO [BrokerServer id=0] Finished waiting for controller quorum voters future (kafka.server.BrokerServer) [main]
2026-05-18 13:17:45,621 INFO [broker-0-to-controller-forwarding-channel-manager]: Starting (kafka.server.NodeToControllerRequestThread) [broker-0-to-controller-forwarding-channel-manager]
2026-05-18 13:17:45,621 INFO [broker-0-to-controller-forwarding-channel-manager]: Recorded new KRaft controller, from now on will use node my-cluster-dual-role-0.my-cluster-kafka-brokers.ksql043.svc.cluster.local:9090 (id: 0 rack: null) (kafka.server.NodeToControllerRequestThread) [broker-0-to-controller-forwarding-channel-manager]
2026-05-18 13:17:45,642 INFO [client-metrics-reaper]: Starting (org.apache.kafka.server.util.timer.SystemTimerReaper$Reaper) [client-metrics-reaper]
2026-05-18 13:17:45,681 INFO Updated connection-accept-rate max connection creation rate to 2147483647 (kafka.network.ConnectionQuotas) [main]
2026-05-18 13:17:45,932 INFO [QuorumController id=0] Replayed RegisterControllerRecord contaning ControllerRegistration(id=0, incarnationId=ddqMglakR-OWRgsYu6AYFg, zkMigrationReady=false, listeners=[Endpoint(listenerName='CONTROLPLANE-9090', securityProtocol=SSL, host='0.0.0.0', port=9090)], supportedFeatures={metadata.version: 1-20}). (org.apache.kafka.controller.ClusterControlManager) [quorum-controller-0-event-handler]
2026-05-18 13:17:45,962 INFO [ControllerRegistrationManager id=0 incarnation=ddqMglakR-OWRgsYu6AYFg] Our registration has been persisted to the metadata log. (kafka.server.ControllerRegistrationManager) [controller-0-registration-manager-event-handler]
2026-05-18 13:17:45,964 INFO [ControllerRegistrationManager id=0 incarnation=ddqMglakR-OWRgsYu6AYFg] RegistrationResponseHandler: controller acknowledged ControllerRegistrationRequest. (kafka.server.ControllerRegistrationManager) [controller-0-to-controller-registration-channel-manager]
2026-05-18 13:17:46,077 INFO [SocketServer listenerType=BROKER, nodeId=0] Created data-plane acceptor and processors for endpoint : ListenerName(REPLICATION-9091) (kafka.network.SocketServer) [main]
2026-05-18 13:17:46,078 INFO Updated connection-accept-rate max connection creation rate to 2147483647 (kafka.network.ConnectionQuotas) [main]
2026-05-18 13:17:46,082 INFO [SocketServer listenerType=BROKER, nodeId=0] Created data-plane acceptor and processors for endpoint : ListenerName(PLAIN-9092) (kafka.network.SocketServer) [main]
2026-05-18 13:17:46,083 INFO Updated connection-accept-rate max connection creation rate to 2147483647 (kafka.network.ConnectionQuotas) [main]
2026-05-18 13:17:46,116 INFO [SocketServer listenerType=BROKER, nodeId=0] Created data-plane acceptor and processors for endpoint : ListenerName(TLS-9093) (kafka.network.SocketServer) [main]
2026-05-18 13:17:46,146 INFO [broker-0-to-controller-alter-partition-channel-manager]: Starting (kafka.server.NodeToControllerRequestThread) [broker-0-to-controller-alter-partition-channel-manager]
2026-05-18 13:17:46,146 INFO [broker-0-to-controller-alter-partition-channel-manager]: Recorded new KRaft controller, from now on will use node my-cluster-dual-role-0.my-cluster-kafka-brokers.ksql043.svc.cluster.local:9090 (id: 0 rack: null) (kafka.server.NodeToControllerRequestThread) [broker-0-to-controller-alter-partition-channel-manager]
2026-05-18 13:17:46,191 INFO [broker-0-to-controller-directory-assignments-channel-manager]: Starting (kafka.server.NodeToControllerRequestThread) [broker-0-to-controller-directory-assignments-channel-manager]
2026-05-18 13:17:46,192 INFO [broker-0-to-controller-directory-assignments-channel-manager]: Recorded new KRaft controller, from now on will use node my-cluster-dual-role-0.my-cluster-kafka-brokers.ksql043.svc.cluster.local:9090 (id: 0 rack: null) (kafka.server.NodeToControllerRequestThread) [broker-0-to-controller-directory-assignments-channel-manager]
2026-05-18 13:17:46,206 INFO [ExpirationReaper-0-Produce]: Starting (kafka.server.DelayedOperationPurgatory$ExpiredOperationReaper) [ExpirationReaper-0-Produce]
2026-05-18 13:17:46,207 INFO [ExpirationReaper-0-Fetch]: Starting (kafka.server.DelayedOperationPurgatory$ExpiredOperationReaper) [ExpirationReaper-0-Fetch]
2026-05-18 13:17:46,208 INFO [ExpirationReaper-0-DeleteRecords]: Starting (kafka.server.DelayedOperationPurgatory$ExpiredOperationReaper) [ExpirationReaper-0-DeleteRecords]
2026-05-18 13:17:46,208 INFO [ExpirationReaper-0-ElectLeader]: Starting (kafka.server.DelayedOperationPurgatory$ExpiredOperationReaper) [ExpirationReaper-0-ElectLeader]
2026-05-18 13:17:46,209 INFO [ExpirationReaper-0-RemoteFetch]: Starting (kafka.server.DelayedOperationPurgatory$ExpiredOperationReaper) [ExpirationReaper-0-RemoteFetch]
2026-05-18 13:17:46,228 INFO [ExpirationReaper-0-Heartbeat]: Starting (kafka.server.DelayedOperationPurgatory$ExpiredOperationReaper) [ExpirationReaper-0-Heartbeat]
2026-05-18 13:17:46,228 INFO [ExpirationReaper-0-Rebalance]: Starting (kafka.server.DelayedOperationPurgatory$ExpiredOperationReaper) [ExpirationReaper-0-Rebalance]
2026-05-18 13:17:46,311 INFO Unable to read the broker epoch in /var/lib/kafka/data-0/kafka-log0. (kafka.log.LogManager) [main]
2026-05-18 13:17:46,312 INFO [broker-0-to-controller-heartbeat-channel-manager]: Starting (kafka.server.NodeToControllerRequestThread) [broker-0-to-controller-heartbeat-channel-manager]
2026-05-18 13:17:46,312 INFO [broker-0-to-controller-heartbeat-channel-manager]: Recorded new KRaft controller, from now on will use node my-cluster-dual-role-0.my-cluster-kafka-brokers.ksql043.svc.cluster.local:9090 (id: 0 rack: null) (kafka.server.NodeToControllerRequestThread) [broker-0-to-controller-heartbeat-channel-manager]
2026-05-18 13:17:46,315 INFO [BrokerLifecycleManager id=0] Incarnation MnRKfeULRrKOL_ZgARc7og of broker 0 in cluster 5igje94GTwCc5z0WUkKPPA is now STARTING. (kafka.server.BrokerLifecycleManager) [broker-0-lifecycle-manager-event-handler]
2026-05-18 13:17:46,348 INFO [ExpirationReaper-0-AlterAcls]: Starting (kafka.server.DelayedOperationPurgatory$ExpiredOperationReaper) [ExpirationReaper-0-AlterAcls]
2026-05-18 13:17:46,361 WARN [QuorumController id=0] Broker 0 registered with feature metadata.version that is unknown to the controller (org.apache.kafka.controller.ClusterControlManager) [quorum-controller-0-event-handler]
2026-05-18 13:17:46,364 INFO [QuorumController id=0] Replayed initial RegisterBrokerRecord for broker 0: RegisterBrokerRecord(brokerId=0, isMigratingZkBroker=false, incarnationId=MnRKfeULRrKOL_ZgARc7og, brokerEpoch=7, endPoints=[BrokerEndpoint(name='REPLICATION-9091', host='my-cluster-dual-role-0.my-cluster-kafka-brokers.ksql043.svc', port=9091, securityProtocol=1), BrokerEndpoint(name='PLAIN-9092', host='my-cluster-dual-role-0.my-cluster-kafka-brokers.ksql043.svc', port=9092, securityProtocol=0), BrokerEndpoint(name='TLS-9093', host='my-cluster-dual-role-0.my-cluster-kafka-brokers.ksql043.svc', port=9093, securityProtocol=1)], features=[BrokerFeature(name='metadata.version', minSupportedVersion=1, maxSupportedVersion=20)], rack=null, fenced=true, inControlledShutdown=false, logDirs=[DeZRrpSC444Gw-SmlroJ3A]) (org.apache.kafka.controller.ClusterControlManager) [quorum-controller-0-event-handler]
2026-05-18 13:17:46,371 INFO [BrokerServer id=0] Waiting for the broker metadata publishers to be installed (kafka.server.BrokerServer) [main]
2026-05-18 13:17:46,371 INFO [BrokerServer id=0] Finished waiting for the broker metadata publishers to be installed (kafka.server.BrokerServer) [main]
2026-05-18 13:17:46,371 INFO [BrokerServer id=0] Waiting for the controller to acknowledge that we are caught up (kafka.server.BrokerServer) [main]
2026-05-18 13:17:46,372 INFO [MetadataLoader id=0] InitializeNewPublishers: initializing MetadataVersionPublisher(id=0) with a snapshot at offset 6 (org.apache.kafka.image.loader.MetadataLoader) [kafka-0-metadata-loader-event-handler]
2026-05-18 13:17:46,372 INFO [MetadataLoader id=0] InitializeNewPublishers: initializing BrokerMetadataPublisher with a snapshot at offset 6 (org.apache.kafka.image.loader.MetadataLoader) [kafka-0-metadata-loader-event-handler]
2026-05-18 13:17:46,372 INFO [BrokerMetadataPublisher id=0] Publishing initial metadata at offset OffsetAndEpoch(offset=6, epoch=1) with metadata.version 3.8-IV0. (kafka.server.metadata.BrokerMetadataPublisher) [kafka-0-metadata-loader-event-handler]
2026-05-18 13:17:46,373 INFO Loading logs from log dirs ArrayBuffer(/var/lib/kafka/data-0/kafka-log0) (kafka.log.LogManager) [kafka-0-metadata-loader-event-handler]
2026-05-18 13:17:46,377 INFO No logs found to be loaded in /var/lib/kafka/data-0/kafka-log0 (kafka.log.LogManager) [kafka-0-metadata-loader-event-handler]
2026-05-18 13:17:46,384 INFO Loaded 0 logs in 10ms (kafka.log.LogManager) [kafka-0-metadata-loader-event-handler]
2026-05-18 13:17:46,384 INFO Starting log cleanup with a period of 300000 ms. (kafka.log.LogManager) [kafka-0-metadata-loader-event-handler]
2026-05-18 13:17:46,385 INFO Starting log flusher with a default period of 9223372036854775807 ms. (kafka.log.LogManager) [kafka-0-metadata-loader-event-handler]
2026-05-18 13:17:46,397 INFO Starting the log cleaner (kafka.log.LogCleaner) [kafka-0-metadata-loader-event-handler]
2026-05-18 13:17:46,426 INFO [BrokerLifecycleManager id=0] Successfully registered broker 0 with broker epoch 7 (kafka.server.BrokerLifecycleManager) [broker-0-lifecycle-manager-event-handler]
2026-05-18 13:17:46,456 INFO [kafka-log-cleaner-thread-0]: Starting (kafka.log.LogCleaner$CleanerThread) [kafka-log-cleaner-thread-0]
2026-05-18 13:17:46,462 INFO [LogDirFailureHandler]: Starting (kafka.server.ReplicaManager$LogDirFailureHandler) [LogDirFailureHandler]
2026-05-18 13:17:46,464 INFO [GroupCoordinator 0]: Starting up. (kafka.coordinator.group.GroupCoordinator) [kafka-0-metadata-loader-event-handler]
2026-05-18 13:17:46,465 INFO [AddPartitionsToTxnSenderThread-0]: Starting (kafka.server.AddPartitionsToTxnManager) [AddPartitionsToTxnSenderThread-0]
2026-05-18 13:17:46,466 INFO [GroupCoordinator 0]: Startup complete. (kafka.coordinator.group.GroupCoordinator) [kafka-0-metadata-loader-event-handler]
2026-05-18 13:17:46,467 INFO [TransactionCoordinator id=0] Starting up. (kafka.coordinator.transaction.TransactionCoordinator) [kafka-0-metadata-loader-event-handler]
2026-05-18 13:17:46,468 INFO [TxnMarkerSenderThread-0]: Starting (kafka.coordinator.transaction.TransactionMarkerChannelManager) [TxnMarkerSenderThread-0]
2026-05-18 13:17:46,468 INFO [TransactionCoordinator id=0] Startup complete. (kafka.coordinator.transaction.TransactionCoordinator) [kafka-0-metadata-loader-event-handler]
2026-05-18 13:17:46,474 INFO [MetadataLoader id=0] InitializeNewPublishers: initializing BrokerRegistrationTracker(id=0) with a snapshot at offset 6 (org.apache.kafka.image.loader.MetadataLoader) [kafka-0-metadata-loader-event-handler]
2026-05-18 13:17:46,478 INFO [BrokerLifecycleManager id=0] The broker has caught up. Transitioning from STARTING to RECOVERY. (kafka.server.BrokerLifecycleManager) [broker-0-lifecycle-manager-event-handler]
2026-05-18 13:17:46,479 INFO [BrokerServer id=0] Finished waiting for the controller to acknowledge that we are caught up (kafka.server.BrokerServer) [main]
2026-05-18 13:17:46,479 INFO [BrokerServer id=0] Waiting for the initial broker metadata update to be published (kafka.server.BrokerServer) [main]
2026-05-18 13:17:46,479 INFO [BrokerServer id=0] Finished waiting for the initial broker metadata update to be published (kafka.server.BrokerServer) [main]
2026-05-18 13:17:46,480 INFO KafkaConfig values: 
	advertised.listeners = REPLICATION-9091://my-cluster-dual-role-0.my-cluster-kafka-brokers.ksql043.svc:9091,PLAIN-9092://my-cluster-dual-role-0.my-cluster-kafka-brokers.ksql043.svc:9092,TLS-9093://my-cluster-dual-role-0.my-cluster-kafka-brokers.ksql043.svc:9093
	alter.config.policy.class.name = null
	alter.log.dirs.replication.quota.window.num = 11
	alter.log.dirs.replication.quota.window.size.seconds = 1
	authorizer.class.name = 
	auto.create.topics.enable = true
	auto.include.jmx.reporter = true
	auto.leader.rebalance.enable = true
	background.threads = 10
	broker.heartbeat.interval.ms = 2000
	broker.id = 0
	broker.id.generation.enable = true
	broker.rack = null
	broker.session.timeout.ms = 9000
	client.quota.callback.class = null
	compression.gzip.level = -1
	compression.lz4.level = 9
	compression.type = producer
	compression.zstd.level = 3
	connection.failed.authentication.delay.ms = 100
	connections.max.idle.ms = 600000
	connections.max.reauth.ms = 0
	control.plane.listener.name = null
	controlled.shutdown.enable = true
	controlled.shutdown.max.retries = 3
	controlled.shutdown.retry.backoff.ms = 5000
	controller.listener.names = CONTROLPLANE-9090
	controller.quorum.append.linger.ms = 25
	controller.quorum.bootstrap.servers = []
	controller.quorum.election.backoff.max.ms = 1000
	controller.quorum.election.timeout.ms = 1000
	controller.quorum.fetch.timeout.ms = 2000
	controller.quorum.request.timeout.ms = 2000
	controller.quorum.retry.backoff.ms = 20
	controller.quorum.voters = [0@my-cluster-dual-role-0.my-cluster-kafka-brokers.ksql043.svc.cluster.local:9090]
	controller.quota.window.num = 11
	controller.quota.window.size.seconds = 1
	controller.socket.timeout.ms = 30000
	create.topic.policy.class.name = null
	default.replication.factor = 1
	delegation.token.expiry.check.interval.ms = 3600000
	delegation.token.expiry.time.ms = 86400000
	delegation.token.master.key = null
	delegation.token.max.lifetime.ms = 604800000
	delegation.token.secret.key = null
	delete.records.purgatory.purge.interval.requests = 1
	delete.topic.enable = true
	early.start.listeners = null
	eligible.leader.replicas.enable = false
	fetch.max.bytes = 57671680
	fetch.purgatory.purge.interval.requests = 1000
	group.consumer.assignors = [org.apache.kafka.coordinator.group.assignor.UniformAssignor, org.apache.kafka.coordinator.group.assignor.RangeAssignor]
	group.consumer.heartbeat.interval.ms = 5000
	group.consumer.max.heartbeat.interval.ms = 15000
	group.consumer.max.session.timeout.ms = 60000
	group.consumer.max.size = 2147483647
	group.consumer.migration.policy = disabled
	group.consumer.min.heartbeat.interval.ms = 5000
	group.consumer.min.session.timeout.ms = 45000
	group.consumer.session.timeout.ms = 45000
	group.coordinator.append.linger.ms = 10
	group.coordinator.new.enable = false
	group.coordinator.rebalance.protocols = [classic]
	group.coordinator.threads = 1
	group.initial.rebalance.delay.ms = 3000
	group.max.session.timeout.ms = 1800000
	group.max.size = 2147483647
	group.min.session.timeout.ms = 6000
	initial.broker.registration.timeout.ms = 60000
	inter.broker.listener.name = REPLICATION-9091
	inter.broker.protocol.version = 3.8-IV0
	kafka.metrics.polling.interval.secs = 10
	kafka.metrics.reporters = []
	leader.imbalance.check.interval.seconds = 300
	leader.imbalance.per.broker.percentage = 10
	listener.security.protocol.map = CONTROLPLANE-9090:SSL,REPLICATION-9091:SSL,PLAIN-9092:PLAINTEXT,TLS-9093:SSL
	listeners = CONTROLPLANE-9090://0.0.0.0:9090,REPLICATION-9091://0.0.0.0:9091,PLAIN-9092://0.0.0.0:9092,TLS-9093://0.0.0.0:9093
	log.cleaner.backoff.ms = 15000
	log.cleaner.dedupe.buffer.size = 134217728
	log.cleaner.delete.retention.ms = 86400000
	log.cleaner.enable = true
	log.cleaner.io.buffer.load.factor = 0.9
	log.cleaner.io.buffer.size = 524288
	log.cleaner.io.max.bytes.per.second = 1.7976931348623157E308
	log.cleaner.max.compaction.lag.ms = 9223372036854775807
	log.cleaner.min.cleanable.ratio = 0.5
	log.cleaner.min.compaction.lag.ms = 0
	log.cleaner.threads = 1
	log.cleanup.policy = [delete]
	log.dir = /tmp/kafka-logs
	log.dir.failure.timeout.ms = 30000
	log.dirs = /var/lib/kafka/data-0/kafka-log0
	log.flush.interval.messages = 9223372036854775807
	log.flush.interval.ms = null
	log.flush.offset.checkpoint.interval.ms = 60000
	log.flush.scheduler.interval.ms = 9223372036854775807
	log.flush.start.offset.checkpoint.interval.ms = 60000
	log.index.interval.bytes = 4096
	log.index.size.max.bytes = 10485760
	log.initial.task.delay.ms = 30000
	log.local.retention.bytes = -2
	log.local.retention.ms = -2
	log.message.downconversion.enable = true
	log.message.format.version = 3.0-IV1
	log.message.timestamp.after.max.ms = 9223372036854775807
	log.message.timestamp.before.max.ms = 9223372036854775807
	log.message.timestamp.difference.max.ms = 9223372036854775807
	log.message.timestamp.type = CreateTime
	log.preallocate = false
	log.retention.bytes = -1
	log.retention.check.interval.ms = 300000
	log.retention.hours = 168
	log.retention.minutes = null
	log.retention.ms = null
	log.roll.hours = 168
	log.roll.jitter.hours = 0
	log.roll.jitter.ms = null
	log.roll.ms = null
	log.segment.bytes = 1073741824
	log.segment.delete.delay.ms = 60000
	max.connection.creation.rate = 2147483647
	max.connections = 2147483647
	max.connections.per.ip = 2147483647
	max.connections.per.ip.overrides = 
	max.incremental.fetch.session.cache.slots = 1000
	max.request.partition.size.limit = 2000
	message.max.bytes = 1048588
	metadata.log.dir = /var/lib/kafka/data-0/kafka-log0
	metadata.log.max.record.bytes.between.snapshots = 20971520
	metadata.log.max.snapshot.interval.ms = 3600000
	metadata.log.segment.bytes = 1073741824
	metadata.log.segment.min.bytes = 8388608
	metadata.log.segment.ms = 604800000
	metadata.max.idle.interval.ms = 500
	metadata.max.retention.bytes = 104857600
	metadata.max.retention.ms = 604800000
	metric.reporters = []
	metrics.num.samples = 2
	metrics.recording.level = INFO
	metrics.sample.window.ms = 30000
	min.insync.replicas = 1
	node.id = 0
	num.io.threads = 8
	num.network.threads = 3
	num.partitions = 1
	num.recovery.threads.per.data.dir = 1
	num.replica.alter.log.dirs.threads = null
	num.replica.fetchers = 1
	offset.metadata.max.bytes = 4096
	offsets.commit.required.acks = -1
	offsets.commit.timeout.ms = 5000
	offsets.load.buffer.size = 5242880
	offsets.retention.check.interval.ms = 600000
	offsets.retention.minutes = 10080
	offsets.topic.compression.codec = 0
	offsets.topic.num.partitions = 50
	offsets.topic.replication.factor = 1
	offsets.topic.segment.bytes = 104857600
	password.encoder.cipher.algorithm = AES/CBC/PKCS5Padding
	password.encoder.iterations = 4096
	password.encoder.key.length = 128
	password.encoder.keyfactory.algorithm = null
	password.encoder.old.secret = null
	password.encoder.secret = null
	principal.builder.class = class org.apache.kafka.common.security.authenticator.DefaultKafkaPrincipalBuilder
	process.roles = [broker, controller]
	producer.id.expiration.check.interval.ms = 600000
	producer.id.expiration.ms = 86400000
	producer.purgatory.purge.interval.requests = 1000
	queued.max.request.bytes = -1
	queued.max.requests = 500
	quota.window.num = 11
	quota.window.size.seconds = 1
	remote.fetch.max.wait.ms = 500
	remote.log.index.file.cache.total.size.bytes = 1073741824
	remote.log.manager.copier.thread.pool.size = 10
	remote.log.manager.copy.max.bytes.per.second = 9223372036854775807
	remote.log.manager.copy.quota.window.num = 11
	remote.log.manager.copy.quota.window.size.seconds = 1
	remote.log.manager.expiration.thread.pool.size = 10
	remote.log.manager.fetch.max.bytes.per.second = 9223372036854775807
	remote.log.manager.fetch.quota.window.num = 11
	remote.log.manager.fetch.quota.window.size.seconds = 1
	remote.log.manager.task.interval.ms = 30000
	remote.log.manager.task.retry.backoff.max.ms = 30000
	remote.log.manager.task.retry.backoff.ms = 500
	remote.log.manager.task.retry.jitter = 0.2
	remote.log.manager.thread.pool.size = 10
	remote.log.metadata.custom.metadata.max.bytes = 128
	remote.log.metadata.manager.class.name = org.apache.kafka.server.log.remote.metadata.storage.TopicBasedRemoteLogMetadataManager
	remote.log.metadata.manager.class.path = null
	remote.log.metadata.manager.impl.prefix = rlmm.config.
	remote.log.metadata.manager.listener.name = null
	remote.log.reader.max.pending.tasks = 100
	remote.log.reader.threads = 10
	remote.log.storage.manager.class.name = null
	remote.log.storage.manager.class.path = null
	remote.log.storage.manager.impl.prefix = rsm.config.
	remote.log.storage.system.enable = false
	replica.fetch.backoff.ms = 1000
	replica.fetch.max.bytes = 1048576
	replica.fetch.min.bytes = 1
	replica.fetch.response.max.bytes = 10485760
	replica.fetch.wait.max.ms = 500
	replica.high.watermark.checkpoint.interval.ms = 5000
	replica.lag.time.max.ms = 30000
	replica.selector.class = null
	replica.socket.receive.buffer.bytes = 65536
	replica.socket.timeout.ms = 30000
	replication.quota.window.num = 11
	replication.quota.window.size.seconds = 1
	request.timeout.ms = 30000
	reserved.broker.max.id = 1000
	sasl.client.callback.handler.class = null
	sasl.enabled.mechanisms = []
	sasl.jaas.config = null
	sasl.kerberos.kinit.cmd = /usr/bin/kinit
	sasl.kerberos.min.time.before.relogin = 60000
	sasl.kerberos.principal.to.local.rules = [DEFAULT]
	sasl.kerberos.service.name = null
	sasl.kerberos.ticket.renew.jitter = 0.05
	sasl.kerberos.ticket.renew.window.factor = 0.8
	sasl.login.callback.handler.class = null
	sasl.login.class = null
	sasl.login.connect.timeout.ms = null
	sasl.login.read.timeout.ms = null
	sasl.login.refresh.buffer.seconds = 300
	sasl.login.refresh.min.period.seconds = 60
	sasl.login.refresh.window.factor = 0.8
	sasl.login.refresh.window.jitter = 0.05
	sasl.login.retry.backoff.max.ms = 10000
	sasl.login.retry.backoff.ms = 100
	sasl.mechanism.controller.protocol = GSSAPI
	sasl.mechanism.inter.broker.protocol = GSSAPI
	sasl.oauthbearer.clock.skew.seconds = 30
	sasl.oauthbearer.expected.audience = null
	sasl.oauthbearer.expected.issuer = null
	sasl.oauthbearer.jwks.endpoint.refresh.ms = 3600000
	sasl.oauthbearer.jwks.endpoint.retry.backoff.max.ms = 10000
	sasl.oauthbearer.jwks.endpoint.retry.backoff.ms = 100
	sasl.oauthbearer.jwks.endpoint.url = null
	sasl.oauthbearer.scope.claim.name = scope
	sasl.oauthbearer.sub.claim.name = sub
	sasl.oauthbearer.token.endpoint.url = null
	sasl.server.callback.handler.class = null
	sasl.server.max.receive.size = 524288
	security.inter.broker.protocol = PLAINTEXT
	security.providers = null
	server.max.startup.time.ms = 9223372036854775807
	socket.connection.setup.timeout.max.ms = 30000
	socket.connection.setup.timeout.ms = 10000
	socket.listen.backlog.size = 50
	socket.receive.buffer.bytes = 102400
	socket.request.max.bytes = 104857600
	socket.send.buffer.bytes = 102400
	ssl.allow.dn.changes = false
	ssl.allow.san.changes = false
	ssl.cipher.suites = []
	ssl.client.auth = none
	ssl.enabled.protocols = [TLSv1.2, TLSv1.3]
	ssl.endpoint.identification.algorithm = HTTPS
	ssl.engine.factory.class = null
	ssl.key.password = null
	ssl.keymanager.algorithm = SunX509
	ssl.keystore.certificate.chain = null
	ssl.keystore.key = null
	ssl.keystore.location = null
	ssl.keystore.password = null
	ssl.keystore.type = JKS
	ssl.principal.mapping.rules = DEFAULT
	ssl.protocol = TLSv1.3
	ssl.provider = null
	ssl.secure.random.implementation = null
	ssl.trustmanager.algorithm = PKIX
	ssl.truststore.certificates = null
	ssl.truststore.location = null
	ssl.truststore.password = null
	ssl.truststore.type = JKS
	telemetry.max.bytes = 1048576
	transaction.abort.timed.out.transaction.cleanup.interval.ms = 10000
	transaction.max.timeout.ms = 900000
	transaction.partition.verification.enable = true
	transaction.remove.expired.transaction.cleanup.interval.ms = 3600000
	transaction.state.log.load.buffer.size = 5242880
	transaction.state.log.min.isr = 1
	transaction.state.log.num.partitions = 50
	transaction.state.log.replication.factor = 1
	transaction.state.log.segment.bytes = 104857600
	transactional.id.expiration.ms = 604800000
	unclean.leader.election.enable = false
	unstable.api.versions.enable = false
	unstable.feature.versions.enable = false
	zookeeper.clientCnxnSocket = null
	zookeeper.connect = null
	zookeeper.connection.timeout.ms = null
	zookeeper.max.in.flight.requests = 10
	zookeeper.metadata.migration.enable = false
	zookeeper.metadata.migration.min.batch.size = 200
	zookeeper.session.timeout.ms = 18000
	zookeeper.set.acl = false
	zookeeper.ssl.cipher.suites = null
	zookeeper.ssl.client.enable = false
	zookeeper.ssl.crl.enable = false
	zookeeper.ssl.enabled.protocols = null
	zookeeper.ssl.endpoint.identification.algorithm = HTTPS
	zookeeper.ssl.keystore.location = null
	zookeeper.ssl.keystore.password = null
	zookeeper.ssl.keystore.type = null
	zookeeper.ssl.ocsp.enable = false
	zookeeper.ssl.protocol = TLSv1.2
	zookeeper.ssl.truststore.location = null
	zookeeper.ssl.truststore.password = null
	zookeeper.ssl.truststore.type = null
 (kafka.server.KafkaConfig) [main]
2026-05-18 13:17:46,483 INFO RemoteLogManagerConfig values: 
	log.local.retention.bytes = -2
	log.local.retention.ms = -2
	remote.fetch.max.wait.ms = 500
	remote.log.index.file.cache.total.size.bytes = 1073741824
	remote.log.manager.copier.thread.pool.size = 10
	remote.log.manager.copy.max.bytes.per.second = 9223372036854775807
	remote.log.manager.copy.quota.window.num = 11
	remote.log.manager.copy.quota.window.size.seconds = 1
	remote.log.manager.expiration.thread.pool.size = 10
	remote.log.manager.fetch.max.bytes.per.second = 9223372036854775807
	remote.log.manager.fetch.quota.window.num = 11
	remote.log.manager.fetch.quota.window.size.seconds = 1
	remote.log.manager.task.interval.ms = 30000
	remote.log.manager.task.retry.backoff.max.ms = 30000
	remote.log.manager.task.retry.backoff.ms = 500
	remote.log.manager.task.retry.jitter = 0.2
	remote.log.manager.thread.pool.size = 10
	remote.log.metadata.custom.metadata.max.bytes = 128
	remote.log.metadata.manager.class.name = org.apache.kafka.server.log.remote.metadata.storage.TopicBasedRemoteLogMetadataManager
	remote.log.metadata.manager.class.path = null
	remote.log.metadata.manager.impl.prefix = rlmm.config.
	remote.log.metadata.manager.listener.name = null
	remote.log.reader.max.pending.tasks = 100
	remote.log.reader.threads = 10
	remote.log.storage.manager.class.name = null
	remote.log.storage.manager.class.path = null
	remote.log.storage.manager.impl.prefix = rsm.config.
	remote.log.storage.system.enable = false
 (org.apache.kafka.server.log.remote.storage.RemoteLogManagerConfig) [main]
2026-05-18 13:17:46,487 INFO [BrokerServer id=0] Waiting for the broker to be unfenced (kafka.server.BrokerServer) [main]
2026-05-18 13:17:46,489 INFO [QuorumController id=0] The request from broker 0 to unfence has been granted because it has caught up with the offset of its register broker record 7. (org.apache.kafka.controller.BrokerHeartbeatManager) [quorum-controller-0-event-handler]
2026-05-18 13:17:46,496 INFO [QuorumController id=0] Replayed BrokerRegistrationChangeRecord modifying the registration for broker 0: BrokerRegistrationChangeRecord(brokerId=0, brokerEpoch=7, fenced=-1, inControlledShutdown=0, logDirs=[]) (org.apache.kafka.controller.ClusterControlManager) [quorum-controller-0-event-handler]
2026-05-18 13:17:46,524 INFO [BrokerLifecycleManager id=0] The broker has been unfenced. Transitioning from RECOVERY to RUNNING. (kafka.server.BrokerLifecycleManager) [broker-0-lifecycle-manager-event-handler]
2026-05-18 13:17:46,524 INFO [BrokerServer id=0] Finished waiting for the broker to be unfenced (kafka.server.BrokerServer) [main]
2026-05-18 13:17:46,525 INFO authorizerStart completed for endpoint TLS-9093. Endpoint is now READY. (org.apache.kafka.server.network.EndpointReadyFutures) [main]
2026-05-18 13:17:46,525 INFO authorizerStart completed for endpoint REPLICATION-9091. Endpoint is now READY. (org.apache.kafka.server.network.EndpointReadyFutures) [main]
2026-05-18 13:17:46,525 INFO authorizerStart completed for endpoint PLAIN-9092. Endpoint is now READY. (org.apache.kafka.server.network.EndpointReadyFutures) [main]
2026-05-18 13:17:46,525 INFO [SocketServer listenerType=BROKER, nodeId=0] Enabling request processing. (kafka.network.SocketServer) [main]
2026-05-18 13:17:46,526 INFO Awaiting socket connections on 0.0.0.0:9092. (kafka.network.DataPlaneAcceptor) [main]
2026-05-18 13:17:46,527 INFO Awaiting socket connections on 0.0.0.0:9093. (kafka.network.DataPlaneAcceptor) [main]
2026-05-18 13:17:46,527 INFO Awaiting socket connections on 0.0.0.0:9091. (kafka.network.DataPlaneAcceptor) [main]
2026-05-18 13:17:46,528 INFO [BrokerServer id=0] Waiting for all of the authorizer futures to be completed (kafka.server.BrokerServer) [main]
2026-05-18 13:17:46,528 INFO [BrokerServer id=0] Finished waiting for all of the authorizer futures to be completed (kafka.server.BrokerServer) [main]
2026-05-18 13:17:46,528 INFO [BrokerServer id=0] Waiting for all of the SocketServer Acceptors to be started (kafka.server.BrokerServer) [main]
2026-05-18 13:17:46,528 INFO [BrokerServer id=0] Finished waiting for all of the SocketServer Acceptors to be started (kafka.server.BrokerServer) [main]
2026-05-18 13:17:46,528 INFO [BrokerServer id=0] Transition from STARTING to STARTED (kafka.server.BrokerServer) [main]
2026-05-18 13:17:46,529 INFO Kafka version: 3.8.0 (org.apache.kafka.common.utils.AppInfoParser) [main]
2026-05-18 13:17:46,529 INFO Kafka commitId: 771b9576b00ecf5b (org.apache.kafka.common.utils.AppInfoParser) [main]
2026-05-18 13:17:46,529 INFO Kafka startTimeMs: 1779110266528 (org.apache.kafka.common.utils.AppInfoParser) [main]
2026-05-18 13:17:46,530 INFO [KafkaRaftServer nodeId=0] Kafka Server started (kafka.server.KafkaRaftServer) [main]
2026-05-18 13:18:28,516 INFO RemoteLogManagerConfig values: 
	log.local.retention.bytes = -2
	log.local.retention.ms = -2
	remote.fetch.max.wait.ms = 500
	remote.log.index.file.cache.total.size.bytes = 1073741824
	remote.log.manager.copier.thread.pool.size = 10
	remote.log.manager.copy.max.bytes.per.second = 9223372036854775807
	remote.log.manager.copy.quota.window.num = 11
	remote.log.manager.copy.quota.window.size.seconds = 1
	remote.log.manager.expiration.thread.pool.size = 10
	remote.log.manager.fetch.max.bytes.per.second = 9223372036854775807
	remote.log.manager.fetch.quota.window.num = 11
	remote.log.manager.fetch.quota.window.size.seconds = 1
	remote.log.manager.task.interval.ms = 30000
	remote.log.manager.task.retry.backoff.max.ms = 30000
	remote.log.manager.task.retry.backoff.ms = 500
	remote.log.manager.task.retry.jitter = 0.2
	remote.log.manager.thread.pool.size = 10
	remote.log.metadata.custom.metadata.max.bytes = 128
	remote.log.metadata.manager.class.name = org.apache.kafka.server.log.remote.metadata.storage.TopicBasedRemoteLogMetadataManager
	remote.log.metadata.manager.class.path = null
	remote.log.metadata.manager.impl.prefix = rlmm.config.
	remote.log.metadata.manager.listener.name = null
	remote.log.reader.max.pending.tasks = 100
	remote.log.reader.threads = 10
	remote.log.storage.manager.class.name = null
	remote.log.storage.manager.class.path = null
	remote.log.storage.manager.impl.prefix = rsm.config.
	remote.log.storage.system.enable = false
 (org.apache.kafka.server.log.remote.storage.RemoteLogManagerConfig) [data-plane-kafka-request-handler-7]
2026-05-18 13:18:28,533 WARN Updated the log level of kafka.network.Processor to FATAL (kafka.server.ConfigAdminManager) [data-plane-kafka-request-handler-0]
2026-05-18 13:18:28,533 WARN Updated the log level of kafka.server.KafkaApis to FATAL (kafka.server.ConfigAdminManager) [data-plane-kafka-request-handler-0]
2026-05-18 13:27:46,044 INFO [NodeToControllerChannelManager id=0 name=registration] Node 0 disconnected. (org.apache.kafka.clients.NetworkClient) [controller-0-to-controller-registration-channel-manager]
2026-05-18 13:28:28,563 INFO [NodeToControllerChannelManager id=0 name=forwarding] Node 0 disconnected. (org.apache.kafka.clients.NetworkClient) [broker-0-to-controller-forwarding-channel-manager]
