---------------------------------------------
Performing the Initial Config...
---------------------------------------------
Generating application config at: /opt/app-root/src/config.js
Config successfully writen to file.
---------------------------------------------
Patching base hrefs...
---------------------------------------------
Updating base href in index.html file at: /opt/app-root/src/index.html
Error writing the index.html file: [Error: EACCES: permission denied, open '/opt/app-root/src/index.html'] {
  errno: -13,
  code: 'EACCES',
  syscall: 'open',
  path: '/opt/app-root/src/index.html'
}
---------------------------------------------
Config Complete. Nginx Server Started.....
---------------------------------------------
2026/05/20 01:07:13 [warn] 1#1: the "listen ... http2" directive is deprecated, use the "http2" directive instead in /etc/nginx/nginx.conf:67
nginx: [warn] the "listen ... http2" directive is deprecated, use the "http2" directive instead in /etc/nginx/nginx.conf:67
10.131.0.2 - - [20/May/2026:01:07:19 +0000] "GET /config.js HTTP/1.1" 200 207 "-" "kube-probe/1.33" "-"
10.131.0.2 - - [20/May/2026:01:07:22 +0000] "GET /config.js HTTP/1.1" 200 207 "-" "kube-probe/1.33" "-"
