__  ____  __  _____   ___  __ ____  ______ 
 --/ __ \/ / / / _ | / _ \/ //_/ / / / __/ 
 -/ /_/ / /_/ / __ |/ , _/ ,< / /_/ /\ \   
--\___\_\____/_/ |_/_/|_/_/|_|\____/___/   
2026-05+00-20 01:06:56 WARN [null] (main) Unrecognized configuration key "quarkus.security.users.embedded.enabled" was provided; it will be ignored; verify that the dependency extension for this configuration is set or that you did not make a typo
2026-05+00-20 01:06:56 WARN [null] (main) Unrecognized configuration key "quarkus.otel.instrument.kafka" was provided; it will be ignored; verify that the dependency extension for this configuration is set or that you did not make a typo
2026-05+00-20 01:06:56 WARN [null] (main) The "quarkus.log.console.json" config property is deprecated and should not be used anymore.
2026-05+00-20 01:06:56 WARN [null] (main) The "quarkus.http.cors" config property is deprecated and should not be used anymore.
2026-05+00-20 01:06:56 WARN [null] (main) The "quarkus.log.console.color" config property is deprecated and should not be used anymore.
2026-05+00-20 01:06:56 WARN [null] (main) The "quarkus.log.console.enable" config property is deprecated and should not be used anymore.
2026-05+00-20 01:06:57 INFO [io.apicurio.registry.storage.impl.sql.AbstractSqlRegistryStorage] (main) SqlRegistryStorage constructed successfully.
2026-05+00-20 01:06:57 INFO [io.apicurio.registry.storage.impl.sql.RegistryDatasourceProducer] (main) Using h2 SQL storage.
2026-05+00-20 01:06:57 INFO [io.apicurio.registry.storage.impl.sql.AbstractSqlRegistryStorage] (main) Acquiring database initialization lock...
2026-05+00-20 01:06:58 INFO [io.apicurio.registry.storage.impl.sql.AbstractSqlRegistryStorage] (main) Database initialization lock acquired.
2026-05+00-20 01:06:58 INFO [io.apicurio.registry.storage.impl.sql.AbstractSqlRegistryStorage] (main) Checking to see if the DB is initialized.
2026-05+00-20 01:06:58 INFO [io.apicurio.registry.storage.impl.sql.AbstractSqlRegistryStorage] (main) Database not initialized.
2026-05+00-20 01:06:58 INFO [io.apicurio.registry.storage.impl.sql.AbstractSqlRegistryStorage] (main) Initializing the Apicurio Registry database.
2026-05+00-20 01:06:58 INFO [io.apicurio.registry.storage.impl.sql.AbstractSqlRegistryStorage] (main) 	Database type: h2
2026-05+00-20 01:06:58 INFO [io.apicurio.registry.storage.impl.sql.AbstractSqlRegistryStorage] (main) Checking to see if the DB is up-to-date.
2026-05+00-20 01:06:58 INFO [io.apicurio.registry.storage.impl.sql.AbstractSqlRegistryStorage] (main) Build's DB version is 102
2026-05+00-20 01:06:58 INFO [io.apicurio.registry.storage.impl.sql.AbstractSqlRegistryStorage] (main) Releasing database initialization lock...
2026-05+00-20 01:06:58 INFO [io.apicurio.registry.storage.impl.sql.AbstractSqlRegistryStorage] (main) Database initialization lock released.
2026-05+00-20 01:06:58 INFO [io.apicurio.registry.storage.RegistryStorageProducer] (main) Using the following RegistryStorage implementation: io.apicurio.registry.storage.impl.sql.SqlRegistryStorage_ClientProxy
2026-05+00-20 01:06:58 INFO [io.apicurio.registry.storage.impl.search.ElasticsearchSearchConfig] (main) Elasticsearch search index DISABLED
2026-05+00-20 01:06:58 INFO [io.apicurio.registry.services.DynamicLogConfigurationService] (main) Applied initial log level configuration at startup: io.apicurio = INFO
2026-05+00-20 01:06:59 INFO [io.apicurio.registry.storage.impl.search.ElasticsearchStartupIndexer] (executor-thread-4) Storage is ready — checking if Elasticsearch startup reindex is needed.
2026-05+00-20 01:06:59 INFO [io.apicurio.registry.storage.impl.search.ElasticsearchStartupIndexer] (executor-thread-4) Elasticsearch search indexing is disabled, skipping startup reindex.
2026-05+00-20 01:07:05 INFO [io.apicurio.registry.auth.AppAuthenticationMechanism] (vert.x-eventloop-thread-0) Authentication chain: [none] (no mechanisms enabled)
2026-05+00-20 01:07:05 INFO [io.quarkus.vertx.http.runtime.filters.accesslog.JBossLoggingAccessLogReceiver] (executor-thread-1) "apicurio-registry.access method="GET" path="/apis/registry/v3/system/info" response_code="200" response_time="-" remote_ip="10.129.2.13" remote_user="-" user_agent="curl/8.5.0""
