2026-05-18 13:21:53+00:00 [Note] [Entrypoint]: Entrypoint script for MySQL Server 8.4.9-1.el9 started.
2026-05-18 13:21:54+00:00 [Note] [Entrypoint]: Initializing database files
2026-05-18T13:21:54.430503Z 0 [System] [MY-015017] [Server] MySQL Server Initialization - start.
2026-05-18T13:21:54.432123Z 0 [System] [MY-013169] [Server] /usr/sbin/mysqld (mysqld 8.4.9) initializing of server in progress as process 36
2026-05-18T13:21:54.433962Z 0 [Warning] [MY-010122] [Server] One can only use the --user switch if running as root
2026-05-18T13:21:54.439506Z 1 [System] [MY-013576] [InnoDB] InnoDB initialization has started.
2026-05-18T13:21:54.918865Z 1 [System] [MY-013577] [InnoDB] InnoDB initialization has ended.
2026-05-18T13:21:56.455306Z 6 [Warning] [MY-010453] [Server] root@localhost is created with an empty password ! Please consider switching off the --initialize-insecure option.
2026-05-18T13:21:58.714027Z 0 [System] [MY-015018] [Server] MySQL Server Initialization - end.
2026-05-18 13:21:58+00:00 [Note] [Entrypoint]: Database files initialized
2026-05-18 13:21:58+00:00 [Note] [Entrypoint]: Starting temporary server
2026-05-18T13:21:58.757742Z 0 [System] [MY-015015] [Server] MySQL Server - start.
2026-05-18T13:21:59.130202Z 0 [System] [MY-010116] [Server] /usr/sbin/mysqld (mysqld 8.4.9) starting as process 77
2026-05-18T13:21:59.137339Z 0 [Warning] [MY-010122] [Server] One can only use the --user switch if running as root
2026-05-18T13:21:59.148080Z 1 [System] [MY-013576] [InnoDB] InnoDB initialization has started.
2026-05-18T13:22:01.317910Z 1 [System] [MY-013577] [InnoDB] InnoDB initialization has ended.
2026-05-18T13:22:03.340191Z 0 [Warning] [MY-010068] [Server] CA certificate ca.pem is self signed.
2026-05-18T13:22:03.340222Z 0 [System] [MY-013602] [Server] Channel mysql_main configured to support TLS. Encrypted connections are now supported for this channel.
2026-05-18T13:22:03.341597Z 0 [Warning] [MY-011810] [Server] Insecure configuration for --pid-file: Location '/var/run/mysqld' in the path is accessible to all OS users. Consider choosing a different directory.
2026-05-18T13:22:03.535112Z 0 [System] [MY-011323] [Server] X Plugin ready for connections. Socket: /var/run/mysqld/mysqlx.sock
2026-05-18T13:22:03.535182Z 0 [System] [MY-010931] [Server] /usr/sbin/mysqld: ready for connections. Version: '8.4.9'  socket: '/var/run/mysqld/mysqld.sock'  port: 0  MySQL Community Server - GPL.
2026-05-18 13:22:03+00:00 [Note] [Entrypoint]: Temporary server started.
'/var/lib/mysql/mysql.sock' -> '/var/run/mysqld/mysqld.sock'
Warning: Unable to load '/usr/share/zoneinfo/iso3166.tab' as time zone. Skipping it.
Warning: Unable to load '/usr/share/zoneinfo/leap-seconds.list' as time zone. Skipping it.
Warning: Unable to load '/usr/share/zoneinfo/leapseconds' as time zone. Skipping it.
Warning: Unable to load '/usr/share/zoneinfo/tzdata.zi' as time zone. Skipping it.
Warning: Unable to load '/usr/share/zoneinfo/zone.tab' as time zone. Skipping it.
Warning: Unable to load '/usr/share/zoneinfo/zone1970.tab' as time zone. Skipping it.
2026-05-18 13:22:06+00:00 [Note] [Entrypoint]: Creating database apicuriodb
2026-05-18 13:22:06+00:00 [Note] [Entrypoint]: Creating user mysqluser
2026-05-18 13:22:06+00:00 [Note] [Entrypoint]: Giving user mysqluser access to schema apicuriodb

2026-05-18 13:22:06+00:00 [Note] [Entrypoint]: Stopping temporary server
2026-05-18T13:22:06.963006Z 13 [System] [MY-013172] [Server] Received SHUTDOWN from user root. Shutting down mysqld (Version: 8.4.9).
2026-05-18T13:22:08.243080Z 0 [System] [MY-010910] [Server] /usr/sbin/mysqld: Shutdown complete (mysqld 8.4.9)  MySQL Community Server - GPL.
2026-05-18T13:22:08.243096Z 0 [System] [MY-015016] [Server] MySQL Server - end.
2026-05-18 13:22:08+00:00 [Note] [Entrypoint]: Temporary server stopped

2026-05-18 13:22:08+00:00 [Note] [Entrypoint]: MySQL init process done. Ready for start up.

2026-05-18T13:22:08.982739Z 0 [System] [MY-015015] [Server] MySQL Server - start.
2026-05-18T13:22:09.330195Z 0 [System] [MY-010116] [Server] /usr/sbin/mysqld (mysqld 8.4.9) starting as process 1
2026-05-18T13:22:09.332108Z 0 [Warning] [MY-010122] [Server] One can only use the --user switch if running as root
2026-05-18T13:22:09.336256Z 1 [System] [MY-013576] [InnoDB] InnoDB initialization has started.
2026-05-18T13:22:09.680553Z 1 [System] [MY-013577] [InnoDB] InnoDB initialization has ended.
2026-05-18T13:22:10.065698Z 0 [Warning] [MY-010068] [Server] CA certificate ca.pem is self signed.
2026-05-18T13:22:10.065727Z 0 [System] [MY-013602] [Server] Channel mysql_main configured to support TLS. Encrypted connections are now supported for this channel.
2026-05-18T13:22:10.067096Z 0 [Warning] [MY-011810] [Server] Insecure configuration for --pid-file: Location '/var/run/mysqld' in the path is accessible to all OS users. Consider choosing a different directory.
2026-05-18T13:22:10.362723Z 0 [System] [MY-011323] [Server] X Plugin ready for connections. Bind-address: '::' port: 33060, socket: /var/run/mysqld/mysqlx.sock
2026-05-18T13:22:10.362820Z 0 [System] [MY-010931] [Server] /usr/sbin/mysqld: ready for connections. Version: '8.4.9'  socket: '/var/run/mysqld/mysqld.sock'  port: 3306  MySQL Community Server - GPL.
