2026-04-25 14:21:08,751 WARN  [io.quarkus.config] (main) Unrecognized configuration key "quarkus.operator-sdk.bundle.package-name" was provided; it will be ignored; verify that the dependency extension for this configuration is set or that you did not make a typo
2026-04-25 14:21:11,462 INFO  [io.quarkiverse.operatorsdk.runtime.OperatorProducer] (main) Quarkus Java Operator SDK extension 7.7.3 (commit: 9bb4746) built on Wed Mar 25 11:49:17 GMT 2026
2026-04-25 14:21:11,573 INFO  [io.javaoperatorsdk.operator.Operator] (main) Registered reconciler: 'keycloakrealmimportcontroller' for resource: 'class org.keycloak.operator.crds.v2beta1.realmimport.KeycloakRealmImport' for namespace(s): [keycloak22]
2026-04-25 14:21:11,670 INFO  [io.javaoperatorsdk.operator.Operator] (main) Registered reconciler: 'keycloakcontroller' for resource: 'class org.keycloak.operator.crds.v2beta1.deployment.Keycloak' for namespace(s): [keycloak22]
2026-04-25 14:21:11,670 INFO  [io.quarkiverse.operatorsdk.runtime.AppEventListener] (main) Starting operator.
2026-04-25 14:21:11,671 INFO  [io.javaoperatorsdk.operator.Operator] (main) Operator SDK 5.3.2 (commit: a932a3d) built on Wed Mar 25 08:36:21 GMT 2026 starting...
2026-04-25 14:21:11,671 INFO  [io.javaoperatorsdk.operator.Operator] (main) Client version: 7.5.2
2026-04-25 14:21:11,743 INFO  [io.javaoperatorsdk.operator.processing.Controller] (Controller Starter for: keycloakrealmimportcontroller) Starting 'keycloakrealmimportcontroller' controller for reconciler: org.keycloak.operator.controllers.KeycloakRealmImportController, resource: org.keycloak.operator.crds.v2beta1.realmimport.KeycloakRealmImport
2026-04-25 14:21:11,746 INFO  [io.javaoperatorsdk.operator.processing.Controller] (Controller Starter for: keycloakcontroller) Starting 'keycloakcontroller' controller for reconciler: org.keycloak.operator.controllers.KeycloakController, resource: org.keycloak.operator.crds.v2beta1.deployment.Keycloak
2026-04-25 14:21:12,256 WARN  [io.fabric8.kubernetes.client.dsl.internal.VersionUsageUtils] (InformerWrapper [keycloakrealmimports.k8s.keycloak.org/v2beta1] 29) The client is using resource type 'keycloakrealmimports' with unstable version 'v2beta1'
2026-04-25 14:21:12,258 WARN  [io.fabric8.kubernetes.client.dsl.internal.VersionUsageUtils] (InformerWrapper [keycloaks.k8s.keycloak.org/v2beta1] 28) The client is using resource type 'keycloaks' with unstable version 'v2beta1'
2026-04-25 14:21:17,246 INFO  [io.javaoperatorsdk.operator.processing.Controller] (Controller Starter for: keycloakrealmimportcontroller) 'keycloakrealmimportcontroller' controller started
2026-04-25 14:21:17,478 INFO  [org.keycloak.operator.controllers.KeycloakRealmImportController] (ReconcilerExecutor-keycloakrealmimportcontroller-52) --- Reconciling Keycloak Realm: registry-sso-realm in namespace: keycloak22
2026-04-25 14:21:17,978 INFO  [org.keycloak.operator.controllers.KeycloakRealmImportController] (ReconcilerExecutor-keycloakrealmimportcontroller-52) --- Realm reconciliation finished successfully
2026-04-25 14:21:18,069 INFO  [io.javaoperatorsdk.operator.processing.Controller] (Controller Starter for: keycloakcontroller) 'keycloakcontroller' controller started
2026-04-25 14:21:18,459 INFO  [io.quarkus] (main) keycloak-operator 26.6.1 on JVM (powered by Quarkus 3.33.1) started in 11.812s. Listening on: http://0.0.0.0:8080
2026-04-25 14:21:18,460 INFO  [io.quarkus] (main) Profile prod activated. 
2026-04-25 14:21:18,461 INFO  [io.quarkus] (main) Installed features: [cdi, kubernetes, kubernetes-client, openshift-client, operator-sdk, smallrye-context-propagation, smallrye-health, vertx]
2026-04-25 14:21:28,267 INFO  [org.keycloak.operator.controllers.KeycloakRealmImportController] (ReconcilerExecutor-keycloakrealmimportcontroller-84) --- Reconciling Keycloak Realm: registry-sso-realm in namespace: keycloak22
2026-04-25 14:21:28,287 INFO  [org.keycloak.operator.controllers.KeycloakRealmImportController] (ReconcilerExecutor-keycloakrealmimportcontroller-84) Job about to start
2026-04-25 14:21:28,287 INFO  [org.keycloak.operator.controllers.KeycloakRealmImportController] (ReconcilerExecutor-keycloakrealmimportcontroller-84) --- Realm reconciliation finished successfully
2026-04-25 14:21:38,309 INFO  [org.keycloak.operator.controllers.KeycloakRealmImportController] (ReconcilerExecutor-keycloakrealmimportcontroller-92) --- Reconciling Keycloak Realm: registry-sso-realm in namespace: keycloak22
2026-04-25 14:21:38,328 INFO  [org.keycloak.operator.controllers.KeycloakRealmImportController] (ReconcilerExecutor-keycloakrealmimportcontroller-92) Job about to start
2026-04-25 14:21:38,329 INFO  [org.keycloak.operator.controllers.KeycloakRealmImportController] (ReconcilerExecutor-keycloakrealmimportcontroller-92) --- Realm reconciliation finished successfully
2026-04-25 14:21:48,332 INFO  [org.keycloak.operator.controllers.KeycloakRealmImportController] (ReconcilerExecutor-keycloakrealmimportcontroller-100) --- Reconciling Keycloak Realm: registry-sso-realm in namespace: keycloak22
2026-04-25 14:21:48,347 INFO  [org.keycloak.operator.controllers.KeycloakRealmImportController] (ReconcilerExecutor-keycloakrealmimportcontroller-100) Job about to start
2026-04-25 14:21:48,347 INFO  [org.keycloak.operator.controllers.KeycloakRealmImportController] (ReconcilerExecutor-keycloakrealmimportcontroller-100) --- Realm reconciliation finished successfully
2026-04-25 14:21:58,351 INFO  [org.keycloak.operator.controllers.KeycloakRealmImportController] (ReconcilerExecutor-keycloakrealmimportcontroller-108) --- Reconciling Keycloak Realm: registry-sso-realm in namespace: keycloak22
2026-04-25 14:21:58,378 INFO  [org.keycloak.operator.controllers.KeycloakRealmImportController] (ReconcilerExecutor-keycloakrealmimportcontroller-108) Job about to start
2026-04-25 14:21:58,378 INFO  [org.keycloak.operator.controllers.KeycloakRealmImportController] (ReconcilerExecutor-keycloakrealmimportcontroller-108) --- Realm reconciliation finished successfully
2026-04-25 14:22:08,391 INFO  [org.keycloak.operator.controllers.KeycloakRealmImportController] (ReconcilerExecutor-keycloakrealmimportcontroller-116) --- Reconciling Keycloak Realm: registry-sso-realm in namespace: keycloak22
2026-04-25 14:22:08,420 INFO  [org.keycloak.operator.controllers.KeycloakRealmImportController] (ReconcilerExecutor-keycloakrealmimportcontroller-116) Job about to start
2026-04-25 14:22:08,422 INFO  [org.keycloak.operator.controllers.KeycloakRealmImportController] (ReconcilerExecutor-keycloakrealmimportcontroller-116) --- Realm reconciliation finished successfully
2026-04-25 14:22:18,425 INFO  [org.keycloak.operator.controllers.KeycloakRealmImportController] (ReconcilerExecutor-keycloakrealmimportcontroller-120) --- Reconciling Keycloak Realm: registry-sso-realm in namespace: keycloak22
2026-04-25 14:22:18,446 INFO  [org.keycloak.operator.controllers.KeycloakRealmImportController] (ReconcilerExecutor-keycloakrealmimportcontroller-120) Job about to start
2026-04-25 14:22:18,446 INFO  [org.keycloak.operator.controllers.KeycloakRealmImportController] (ReconcilerExecutor-keycloakrealmimportcontroller-120) --- Realm reconciliation finished successfully
2026-04-25 14:22:28,474 INFO  [org.keycloak.operator.controllers.KeycloakRealmImportController] (ReconcilerExecutor-keycloakrealmimportcontroller-122) --- Reconciling Keycloak Realm: registry-sso-realm in namespace: keycloak22
2026-04-25 14:22:28,519 INFO  [org.keycloak.operator.controllers.KeycloakRealmImportController] (ReconcilerExecutor-keycloakrealmimportcontroller-122) Job about to start
2026-04-25 14:22:28,519 INFO  [org.keycloak.operator.controllers.KeycloakRealmImportController] (ReconcilerExecutor-keycloakrealmimportcontroller-122) --- Realm reconciliation finished successfully
2026-04-25 14:22:38,527 INFO  [org.keycloak.operator.controllers.KeycloakRealmImportController] (ReconcilerExecutor-keycloakrealmimportcontroller-124) --- Reconciling Keycloak Realm: registry-sso-realm in namespace: keycloak22
2026-04-25 14:22:38,554 INFO  [org.keycloak.operator.controllers.KeycloakRealmImportController] (ReconcilerExecutor-keycloakrealmimportcontroller-124) Job about to start
2026-04-25 14:22:38,554 INFO  [org.keycloak.operator.controllers.KeycloakRealmImportController] (ReconcilerExecutor-keycloakrealmimportcontroller-124) --- Realm reconciliation finished successfully
2026-04-25 14:22:48,577 INFO  [org.keycloak.operator.controllers.KeycloakRealmImportController] (ReconcilerExecutor-keycloakrealmimportcontroller-126) --- Reconciling Keycloak Realm: registry-sso-realm in namespace: keycloak22
2026-04-25 14:22:48,611 INFO  [org.keycloak.operator.controllers.KeycloakRealmImportController] (ReconcilerExecutor-keycloakrealmimportcontroller-126) Job about to start
2026-04-25 14:22:48,611 INFO  [org.keycloak.operator.controllers.KeycloakRealmImportController] (ReconcilerExecutor-keycloakrealmimportcontroller-126) --- Realm reconciliation finished successfully
2026-04-25 14:22:58,626 INFO  [org.keycloak.operator.controllers.KeycloakRealmImportController] (ReconcilerExecutor-keycloakrealmimportcontroller-130) --- Reconciling Keycloak Realm: registry-sso-realm in namespace: keycloak22
2026-04-25 14:22:58,758 INFO  [org.keycloak.operator.controllers.KeycloakRealmImportController] (ReconcilerExecutor-keycloakrealmimportcontroller-130) Job about to start
2026-04-25 14:22:58,759 INFO  [org.keycloak.operator.controllers.KeycloakRealmImportController] (ReconcilerExecutor-keycloakrealmimportcontroller-130) --- Realm reconciliation finished successfully
2026-04-25 14:22:58,845 INFO  [org.keycloak.operator.controllers.KeycloakRealmImportController] (ReconcilerExecutor-keycloakrealmimportcontroller-131) --- Reconciling Keycloak Realm: registry-sso-realm in namespace: keycloak22
2026-04-25 14:22:58,864 INFO  [org.keycloak.operator.controllers.KeycloakRealmImportController] (ReconcilerExecutor-keycloakrealmimportcontroller-131) Job already executed - not recreating
2026-04-25 14:22:58,864 INFO  [org.keycloak.operator.controllers.KeycloakRealmImportController] (ReconcilerExecutor-keycloakrealmimportcontroller-131) Job running
2026-04-25 14:22:58,865 INFO  [org.keycloak.operator.controllers.KeycloakRealmImportController] (ReconcilerExecutor-keycloakrealmimportcontroller-131) --- Realm reconciliation finished successfully
2026-04-25 14:23:08,955 INFO  [org.keycloak.operator.controllers.KeycloakRealmImportController] (ReconcilerExecutor-keycloakrealmimportcontroller-132) --- Reconciling Keycloak Realm: registry-sso-realm in namespace: keycloak22
2026-04-25 14:23:08,994 INFO  [org.keycloak.operator.controllers.KeycloakRealmImportController] (ReconcilerExecutor-keycloakrealmimportcontroller-132) Job already executed - not recreating
2026-04-25 14:23:08,994 INFO  [org.keycloak.operator.controllers.KeycloakRealmImportController] (ReconcilerExecutor-keycloakrealmimportcontroller-132) Job running
2026-04-25 14:23:08,995 INFO  [org.keycloak.operator.controllers.KeycloakRealmImportController] (ReconcilerExecutor-keycloakrealmimportcontroller-132) --- Realm reconciliation finished successfully
2026-04-25 14:23:12,633 INFO  [org.keycloak.operator.controllers.KeycloakRealmImportController] (ReconcilerExecutor-keycloakrealmimportcontroller-133) --- Reconciling Keycloak Realm: registry-sso-realm in namespace: keycloak22
2026-04-25 14:23:12,655 INFO  [org.keycloak.operator.controllers.KeycloakRealmImportController] (ReconcilerExecutor-keycloakrealmimportcontroller-133) Job already executed - not recreating
2026-04-25 14:23:12,655 INFO  [org.keycloak.operator.controllers.KeycloakRealmImportController] (ReconcilerExecutor-keycloakrealmimportcontroller-133) Job running
2026-04-25 14:23:12,655 INFO  [org.keycloak.operator.controllers.KeycloakRealmImportController] (ReconcilerExecutor-keycloakrealmimportcontroller-133) --- Realm reconciliation finished successfully
2026-04-25 14:23:22,657 INFO  [org.keycloak.operator.controllers.KeycloakRealmImportController] (ReconcilerExecutor-keycloakrealmimportcontroller-134) --- Reconciling Keycloak Realm: registry-sso-realm in namespace: keycloak22
2026-04-25 14:23:22,680 INFO  [org.keycloak.operator.controllers.KeycloakRealmImportController] (ReconcilerExecutor-keycloakrealmimportcontroller-134) Job already executed - not recreating
2026-04-25 14:23:22,680 INFO  [org.keycloak.operator.controllers.KeycloakRealmImportController] (ReconcilerExecutor-keycloakrealmimportcontroller-134) Job running
2026-04-25 14:23:22,680 INFO  [org.keycloak.operator.controllers.KeycloakRealmImportController] (ReconcilerExecutor-keycloakrealmimportcontroller-134) --- Realm reconciliation finished successfully
2026-04-25 14:23:32,683 INFO  [org.keycloak.operator.controllers.KeycloakRealmImportController] (ReconcilerExecutor-keycloakrealmimportcontroller-135) --- Reconciling Keycloak Realm: registry-sso-realm in namespace: keycloak22
2026-04-25 14:23:32,700 INFO  [org.keycloak.operator.controllers.KeycloakRealmImportController] (ReconcilerExecutor-keycloakrealmimportcontroller-135) Job already executed - not recreating
2026-04-25 14:23:32,700 INFO  [org.keycloak.operator.controllers.KeycloakRealmImportController] (ReconcilerExecutor-keycloakrealmimportcontroller-135) Job running
2026-04-25 14:23:32,700 INFO  [org.keycloak.operator.controllers.KeycloakRealmImportController] (ReconcilerExecutor-keycloakrealmimportcontroller-135) --- Realm reconciliation finished successfully
2026-04-25 14:23:42,703 INFO  [org.keycloak.operator.controllers.KeycloakRealmImportController] (ReconcilerExecutor-keycloakrealmimportcontroller-136) --- Reconciling Keycloak Realm: registry-sso-realm in namespace: keycloak22
2026-04-25 14:23:42,718 INFO  [org.keycloak.operator.controllers.KeycloakRealmImportController] (ReconcilerExecutor-keycloakrealmimportcontroller-136) Job already executed - not recreating
2026-04-25 14:23:42,718 INFO  [org.keycloak.operator.controllers.KeycloakRealmImportController] (ReconcilerExecutor-keycloakrealmimportcontroller-136) Job running
2026-04-25 14:23:42,718 INFO  [org.keycloak.operator.controllers.KeycloakRealmImportController] (ReconcilerExecutor-keycloakrealmimportcontroller-136) --- Realm reconciliation finished successfully
2026-04-25 14:23:52,721 INFO  [org.keycloak.operator.controllers.KeycloakRealmImportController] (ReconcilerExecutor-keycloakrealmimportcontroller-137) --- Reconciling Keycloak Realm: registry-sso-realm in namespace: keycloak22
2026-04-25 14:23:52,742 INFO  [org.keycloak.operator.controllers.KeycloakRealmImportController] (ReconcilerExecutor-keycloakrealmimportcontroller-137) Job already executed - not recreating
2026-04-25 14:23:52,742 INFO  [org.keycloak.operator.controllers.KeycloakRealmImportController] (ReconcilerExecutor-keycloakrealmimportcontroller-137) Job running
2026-04-25 14:23:52,742 INFO  [org.keycloak.operator.controllers.KeycloakRealmImportController] (ReconcilerExecutor-keycloakrealmimportcontroller-137) --- Realm reconciliation finished successfully
2026-04-25 14:24:00,833 INFO  [org.keycloak.operator.controllers.KeycloakRealmImportController] (ReconcilerExecutor-keycloakrealmimportcontroller-139) --- Reconciling Keycloak Realm: registry-sso-realm in namespace: keycloak22
2026-04-25 14:24:00,852 INFO  [org.keycloak.operator.controllers.KeycloakRealmImportController] (ReconcilerExecutor-keycloakrealmimportcontroller-139) Job already executed - not recreating
2026-04-25 14:24:00,853 INFO  [org.keycloak.operator.controllers.KeycloakRealmImportController] (ReconcilerExecutor-keycloakrealmimportcontroller-139) Job running
2026-04-25 14:24:00,853 INFO  [org.keycloak.operator.controllers.KeycloakRealmImportController] (ReconcilerExecutor-keycloakrealmimportcontroller-139) --- Realm reconciliation finished successfully
2026-04-25 14:24:01,844 INFO  [org.keycloak.operator.controllers.KeycloakRealmImportController] (ReconcilerExecutor-keycloakrealmimportcontroller-140) --- Reconciling Keycloak Realm: registry-sso-realm in namespace: keycloak22
2026-04-25 14:24:01,859 INFO  [org.keycloak.operator.controllers.KeycloakRealmImportController] (ReconcilerExecutor-keycloakrealmimportcontroller-140) Job already executed - not recreating
2026-04-25 14:24:01,859 INFO  [org.keycloak.operator.controllers.KeycloakRealmImportController] (ReconcilerExecutor-keycloakrealmimportcontroller-140) Job running
2026-04-25 14:24:01,859 INFO  [org.keycloak.operator.controllers.KeycloakRealmImportController] (ReconcilerExecutor-keycloakrealmimportcontroller-140) --- Realm reconciliation finished successfully
2026-04-25 14:24:01,866 INFO  [org.keycloak.operator.controllers.KeycloakRealmImportController] (ReconcilerExecutor-keycloakrealmimportcontroller-141) --- Reconciling Keycloak Realm: registry-sso-realm in namespace: keycloak22
2026-04-25 14:24:01,940 INFO  [org.keycloak.operator.controllers.KeycloakRealmImportController] (ReconcilerExecutor-keycloakrealmimportcontroller-141) Job already executed - not recreating
2026-04-25 14:24:01,940 INFO  [org.keycloak.operator.controllers.KeycloakRealmImportController] (ReconcilerExecutor-keycloakrealmimportcontroller-141) Job finished
2026-04-25 14:24:01,940 INFO  [org.keycloak.operator.controllers.KeycloakRealmImportController] (ReconcilerExecutor-keycloakrealmimportcontroller-141) --- Realm reconciliation finished successfully
