chmod: changing permissions of '/var/run/postgresql': Operation not permitted
The files belonging to this database system will be owned by user "1000830000".
This user must also own the server process.

The database cluster will be initialized with locale "en_US.utf8".
The default database encoding has accordingly been set to "UTF8".
The default text search configuration will be set to "english".

Data page checksums are enabled.

fixing permissions on existing directory /var/lib/postgresql/data/pgdata ... ok
creating subdirectories ... ok
selecting dynamic shared memory implementation ... posix
selecting default "max_connections" ... 100
selecting default "shared_buffers" ... 128MB
selecting default time zone ... Etc/UTC
creating configuration files ... ok
running bootstrap script ... ok
performing post-bootstrap initialization ... ok
syncing data to disk ... ok


Success. You can now start the database server using:

    pg_ctl -D /var/lib/postgresql/data/pgdata -l logfile start

initdb: warning: enabling "trust" authentication for local connections
initdb: hint: You can change this by editing pg_hba.conf or using the option -A, or --auth-local and --auth-host, the next time you run initdb.
waiting for server to start....2026-04-24 12:14:37.082 UTC [30] LOG:  starting PostgreSQL 18.3 (Debian 18.3-1.pgdg13+1) on x86_64-pc-linux-gnu, compiled by gcc (Debian 14.2.0-19) 14.2.0, 64-bit
2026-04-24 12:14:37.082 UTC [30] LOG:  listening on Unix socket "/var/run/postgresql/.s.PGSQL.5432"
2026-04-24 12:14:37.098 UTC [36] LOG:  database system was shut down at 2026-04-24 12:14:34 UTC
2026-04-24 12:14:37.101 UTC [30] LOG:  database system is ready to accept connections
 done
server started
CREATE DATABASE


/usr/local/bin/docker-entrypoint.sh: ignoring /docker-entrypoint-initdb.d/*

2026-04-24 12:14:37.448 UTC [30] LOG:  received fast shutdown request
waiting for server to shut down....2026-04-24 12:14:37.452 UTC [30] LOG:  aborting any active transactions
2026-04-24 12:14:37.459 UTC [30] LOG:  background worker "logical replication launcher" (PID 39) exited with exit code 1
2026-04-24 12:14:37.461 UTC [34] LOG:  shutting down
2026-04-24 12:14:37.464 UTC [34] LOG:  checkpoint starting: shutdown immediate
2026-04-24 12:14:37.509 UTC [34] LOG:  checkpoint complete: wrote 943 buffers (5.8%), wrote 3 SLRU buffers; 0 WAL file(s) added, 0 removed, 0 recycled; write=0.032 s, sync=0.006 s, total=0.048 s; sync files=303, longest=0.003 s, average=0.001 s; distance=4352 kB, estimate=4352 kB; lsn=0/1B9FBA8, redo lsn=0/1B9FBA8
2026-04-24 12:14:37.520 UTC [30] LOG:  database system is shut down
 done
server stopped

PostgreSQL init process complete; ready for start up.

2026-04-24 12:14:37.593 UTC [1] LOG:  starting PostgreSQL 18.3 (Debian 18.3-1.pgdg13+1) on x86_64-pc-linux-gnu, compiled by gcc (Debian 14.2.0-19) 14.2.0, 64-bit
2026-04-24 12:14:37.593 UTC [1] LOG:  listening on IPv4 address "0.0.0.0", port 5432
2026-04-24 12:14:37.593 UTC [1] LOG:  listening on IPv6 address "::", port 5432
2026-04-24 12:14:37.595 UTC [1] LOG:  listening on Unix socket "/var/run/postgresql/.s.PGSQL.5432"
2026-04-24 12:14:37.603 UTC [52] LOG:  database system was shut down at 2026-04-24 12:14:37 UTC
2026-04-24 12:14:37.607 UTC [1] LOG:  database system is ready to accept connections
2026-04-24 12:14:39.992 UTC [58] FATAL:  role "-d" does not exist
2026-04-24 12:14:44.969 UTC [61] FATAL:  role "-d" does not exist
2026-04-24 12:14:49.958 UTC [64] FATAL:  role "-d" does not exist
2026-04-24 12:14:54.969 UTC [67] FATAL:  role "-d" does not exist
2026-04-24 12:14:59.957 UTC [70] FATAL:  role "-d" does not exist
2026-04-24 12:15:04.957 UTC [73] FATAL:  role "-d" does not exist
2026-04-24 12:15:09.957 UTC [77] FATAL:  role "-d" does not exist
2026-04-24 12:15:11.446 UTC [80] FATAL:  role "-d" does not exist
2026-04-24 12:15:14.959 UTC [83] FATAL:  role "-d" does not exist
2026-04-24 12:15:19.957 UTC [86] FATAL:  role "-d" does not exist
2026-04-24 12:15:21.447 UTC [89] FATAL:  role "-d" does not exist
2026-04-24 12:15:24.957 UTC [92] FATAL:  role "-d" does not exist
2026-04-24 12:15:29.956 UTC [95] FATAL:  role "-d" does not exist
2026-04-24 12:15:31.446 UTC [98] FATAL:  role "-d" does not exist
2026-04-24 12:15:34.957 UTC [101] FATAL:  role "-d" does not exist
2026-04-24 12:15:40.031 UTC [105] FATAL:  role "-d" does not exist
2026-04-24 12:15:41.472 UTC [108] FATAL:  role "-d" does not exist
2026-04-24 12:15:44.967 UTC [111] FATAL:  role "-d" does not exist
2026-04-24 12:15:50.032 UTC [114] FATAL:  role "-d" does not exist
2026-04-24 12:15:51.469 UTC [117] FATAL:  role "-d" does not exist
2026-04-24 12:15:54.979 UTC [120] FATAL:  role "-d" does not exist
2026-04-24 12:15:59.962 UTC [123] FATAL:  role "-d" does not exist
2026-04-24 12:16:01.447 UTC [126] FATAL:  role "-d" does not exist
2026-04-24 12:16:04.964 UTC [129] FATAL:  role "-d" does not exist
2026-04-24 12:16:09.973 UTC [133] FATAL:  role "-d" does not exist
2026-04-24 12:16:11.462 UTC [136] FATAL:  role "-d" does not exist
2026-04-24 12:16:14.975 UTC [139] FATAL:  role "-d" does not exist
2026-04-24 12:16:20.054 UTC [142] FATAL:  role "-d" does not exist
2026-04-24 12:16:21.526 UTC [145] FATAL:  role "-d" does not exist
2026-04-24 12:16:24.979 UTC [148] FATAL:  role "-d" does not exist
2026-04-24 12:16:30.034 UTC [151] FATAL:  role "-d" does not exist
2026-04-24 12:16:31.540 UTC [154] FATAL:  role "-d" does not exist
2026-04-24 12:16:35.044 UTC [157] FATAL:  role "-d" does not exist
2026-04-24 12:16:40.032 UTC [161] FATAL:  role "-d" does not exist
2026-04-24 12:16:41.468 UTC [164] FATAL:  role "-d" does not exist
2026-04-24 12:16:45.045 UTC [167] FATAL:  role "-d" does not exist
2026-04-24 12:16:50.046 UTC [170] FATAL:  role "-d" does not exist
2026-04-24 12:16:51.483 UTC [173] FATAL:  role "-d" does not exist
2026-04-24 12:16:55.032 UTC [176] FATAL:  role "-d" does not exist
2026-04-24 12:17:00.030 UTC [179] FATAL:  role "-d" does not exist
2026-04-24 12:17:01.469 UTC [182] FATAL:  role "-d" does not exist
2026-04-24 12:17:04.973 UTC [185] FATAL:  role "-d" does not exist
2026-04-24 12:17:09.957 UTC [189] FATAL:  role "-d" does not exist
2026-04-24 12:17:11.447 UTC [192] FATAL:  role "-d" does not exist
2026-04-24 12:17:14.957 UTC [195] FATAL:  role "-d" does not exist
2026-04-24 12:17:19.972 UTC [198] FATAL:  role "-d" does not exist
2026-04-24 12:17:21.449 UTC [201] FATAL:  role "-d" does not exist
2026-04-24 12:17:24.973 UTC [204] FATAL:  role "-d" does not exist
2026-04-24 12:17:29.957 UTC [207] FATAL:  role "-d" does not exist
2026-04-24 12:17:31.446 UTC [210] FATAL:  role "-d" does not exist
2026-04-24 12:17:34.958 UTC [213] FATAL:  role "-d" does not exist
2026-04-24 12:17:39.957 UTC [217] FATAL:  role "-d" does not exist
2026-04-24 12:17:41.446 UTC [220] FATAL:  role "-d" does not exist
2026-04-24 12:17:44.958 UTC [223] FATAL:  role "-d" does not exist
2026-04-24 12:17:49.957 UTC [226] FATAL:  role "-d" does not exist
2026-04-24 12:17:51.468 UTC [229] FATAL:  role "-d" does not exist
2026-04-24 12:17:54.960 UTC [232] FATAL:  role "-d" does not exist
2026-04-24 12:17:59.958 UTC [235] FATAL:  role "-d" does not exist
2026-04-24 12:18:01.447 UTC [238] FATAL:  role "-d" does not exist
2026-04-24 12:18:04.957 UTC [241] FATAL:  role "-d" does not exist
2026-04-24 12:18:09.958 UTC [245] FATAL:  role "-d" does not exist
2026-04-24 12:18:11.447 UTC [248] FATAL:  role "-d" does not exist
2026-04-24 12:18:14.962 UTC [251] FATAL:  role "-d" does not exist
2026-04-24 12:18:19.958 UTC [254] FATAL:  role "-d" does not exist
2026-04-24 12:18:21.447 UTC [257] FATAL:  role "-d" does not exist
2026-04-24 12:18:24.959 UTC [260] FATAL:  role "-d" does not exist
2026-04-24 12:18:29.958 UTC [263] FATAL:  role "-d" does not exist
2026-04-24 12:18:31.447 UTC [266] FATAL:  role "-d" does not exist
2026-04-24 12:18:34.957 UTC [269] FATAL:  role "-d" does not exist
2026-04-24 12:18:39.958 UTC [273] FATAL:  role "-d" does not exist
2026-04-24 12:18:41.446 UTC [276] FATAL:  role "-d" does not exist
2026-04-24 12:18:44.957 UTC [279] FATAL:  role "-d" does not exist
2026-04-24 12:18:49.958 UTC [282] FATAL:  role "-d" does not exist
2026-04-24 12:18:51.447 UTC [285] FATAL:  role "-d" does not exist
2026-04-24 12:18:54.957 UTC [288] FATAL:  role "-d" does not exist
2026-04-24 12:18:59.957 UTC [291] FATAL:  role "-d" does not exist
2026-04-24 12:19:01.447 UTC [294] FATAL:  role "-d" does not exist
2026-04-24 12:19:04.958 UTC [297] FATAL:  role "-d" does not exist
2026-04-24 12:19:09.958 UTC [301] FATAL:  role "-d" does not exist
2026-04-24 12:19:11.447 UTC [304] FATAL:  role "-d" does not exist
2026-04-24 12:19:14.957 UTC [307] FATAL:  role "-d" does not exist
2026-04-24 12:19:19.957 UTC [310] FATAL:  role "-d" does not exist
2026-04-24 12:19:21.447 UTC [313] FATAL:  role "-d" does not exist
2026-04-24 12:19:24.957 UTC [316] FATAL:  role "-d" does not exist
2026-04-24 12:19:29.957 UTC [319] FATAL:  role "-d" does not exist
2026-04-24 12:19:31.447 UTC [322] FATAL:  role "-d" does not exist
2026-04-24 12:19:34.957 UTC [325] FATAL:  role "-d" does not exist
2026-04-24 12:19:37.692 UTC [50] LOG:  checkpoint starting: time
2026-04-24 12:19:39.957 UTC [329] FATAL:  role "-d" does not exist
2026-04-24 12:19:41.447 UTC [332] FATAL:  role "-d" does not exist
2026-04-24 12:19:42.008 UTC [50] LOG:  checkpoint complete: wrote 43 buffers (0.3%), wrote 3 SLRU buffers; 0 WAL file(s) added, 0 removed, 0 recycled; write=4.309 s, sync=0.003 s, total=4.317 s; sync files=12, longest=0.001 s, average=0.001 s; distance=318 kB, estimate=318 kB; lsn=0/1BEF668, redo lsn=0/1BEF610
2026-04-24 12:19:44.957 UTC [335] FATAL:  role "-d" does not exist
2026-04-24 12:19:49.957 UTC [338] FATAL:  role "-d" does not exist
2026-04-24 12:19:51.447 UTC [341] FATAL:  role "-d" does not exist
2026-04-24 12:19:54.957 UTC [344] FATAL:  role "-d" does not exist
2026-04-24 12:19:59.958 UTC [347] FATAL:  role "-d" does not exist
2026-04-24 12:20:01.448 UTC [350] FATAL:  role "-d" does not exist
2026-04-24 12:20:04.958 UTC [353] FATAL:  role "-d" does not exist
2026-04-24 12:20:09.957 UTC [357] FATAL:  role "-d" does not exist
2026-04-24 12:20:11.456 UTC [360] FATAL:  role "-d" does not exist
2026-04-24 12:20:14.958 UTC [363] FATAL:  role "-d" does not exist
2026-04-24 12:20:19.957 UTC [366] FATAL:  role "-d" does not exist
2026-04-24 12:20:21.446 UTC [369] FATAL:  role "-d" does not exist
2026-04-24 12:20:24.958 UTC [372] FATAL:  role "-d" does not exist
2026-04-24 12:20:29.958 UTC [375] FATAL:  role "-d" does not exist
2026-04-24 12:20:31.451 UTC [378] FATAL:  role "-d" does not exist
2026-04-24 12:20:34.957 UTC [381] FATAL:  role "-d" does not exist
2026-04-24 12:20:39.960 UTC [385] FATAL:  role "-d" does not exist
2026-04-24 12:20:41.447 UTC [388] FATAL:  role "-d" does not exist
2026-04-24 12:20:44.957 UTC [391] FATAL:  role "-d" does not exist
2026-04-24 12:20:49.957 UTC [394] FATAL:  role "-d" does not exist
2026-04-24 12:20:51.447 UTC [397] FATAL:  role "-d" does not exist
2026-04-24 12:20:54.957 UTC [400] FATAL:  role "-d" does not exist
2026-04-24 12:20:59.957 UTC [403] FATAL:  role "-d" does not exist
2026-04-24 12:21:01.447 UTC [406] FATAL:  role "-d" does not exist
2026-04-24 12:21:04.959 UTC [409] FATAL:  role "-d" does not exist
2026-04-24 12:21:09.957 UTC [413] FATAL:  role "-d" does not exist
2026-04-24 12:21:11.448 UTC [416] FATAL:  role "-d" does not exist
2026-04-24 12:21:14.957 UTC [419] FATAL:  role "-d" does not exist
2026-04-24 12:21:19.959 UTC [422] FATAL:  role "-d" does not exist
2026-04-24 12:21:21.446 UTC [425] FATAL:  role "-d" does not exist
2026-04-24 12:21:24.957 UTC [428] FATAL:  role "-d" does not exist
2026-04-24 12:21:29.957 UTC [431] FATAL:  role "-d" does not exist
2026-04-24 12:21:31.448 UTC [434] FATAL:  role "-d" does not exist
2026-04-24 12:21:34.957 UTC [437] FATAL:  role "-d" does not exist
2026-04-24 12:21:39.957 UTC [441] FATAL:  role "-d" does not exist
2026-04-24 12:21:41.447 UTC [444] FATAL:  role "-d" does not exist
2026-04-24 12:21:44.957 UTC [447] FATAL:  role "-d" does not exist
2026-04-24 12:21:49.957 UTC [450] FATAL:  role "-d" does not exist
2026-04-24 12:21:51.447 UTC [453] FATAL:  role "-d" does not exist
2026-04-24 12:21:54.958 UTC [456] FATAL:  role "-d" does not exist
2026-04-24 12:21:59.957 UTC [459] FATAL:  role "-d" does not exist
2026-04-24 12:22:01.446 UTC [462] FATAL:  role "-d" does not exist
2026-04-24 12:22:04.957 UTC [465] FATAL:  role "-d" does not exist
2026-04-24 12:22:09.958 UTC [469] FATAL:  role "-d" does not exist
2026-04-24 12:22:11.447 UTC [472] FATAL:  role "-d" does not exist
2026-04-24 12:22:14.958 UTC [475] FATAL:  role "-d" does not exist
2026-04-24 12:22:19.958 UTC [478] FATAL:  role "-d" does not exist
2026-04-24 12:22:21.447 UTC [481] FATAL:  role "-d" does not exist
2026-04-24 12:22:24.957 UTC [484] FATAL:  role "-d" does not exist
