chmod: changing permissions of '/var/run/postgresql': Operation not permitted
The files belonging to this database system will be owned by user "1000830000".
This user must also own the server process.

The database cluster will be initialized with locale "en_US.utf8".
The default database encoding has accordingly been set to "UTF8".
The default text search configuration will be set to "english".

Data page checksums are disabled.

fixing permissions on existing directory /var/lib/postgresql/data/pgdata ... ok
creating subdirectories ... ok
selecting dynamic shared memory implementation ... posix
selecting default max_connections ... 100
selecting default shared_buffers ... 128MB
selecting default time zone ... Etc/UTC
creating configuration files ... ok
running bootstrap script ... ok
performing post-bootstrap initialization ... ok
syncing data to disk ... ok

initdb: warning: enabling "trust" authentication for local connections
initdb: hint: You can change this by editing pg_hba.conf or using the option -A, or --auth-local and --auth-host, the next time you run initdb.

Success. You can now start the database server using:

    pg_ctl -D /var/lib/postgresql/data/pgdata -l logfile start

waiting for server to start....2026-05-18 13:22:53.745 UTC [30] LOG:  starting PostgreSQL 15.18 (Debian 15.18-1.pgdg13+1) on x86_64-pc-linux-gnu, compiled by gcc (Debian 14.2.0-19) 14.2.0, 64-bit
2026-05-18 13:22:53.745 UTC [30] LOG:  listening on Unix socket "/var/run/postgresql/.s.PGSQL.5432"
2026-05-18 13:22:53.753 UTC [33] LOG:  database system was shut down at 2026-05-18 13:22:53 UTC
2026-05-18 13:22:53.760 UTC [30] LOG:  database system is ready to accept connections
 done
server started
CREATE DATABASE


/usr/local/bin/docker-entrypoint.sh: ignoring /docker-entrypoint-initdb.d/*

2026-05-18 13:22:54.065 UTC [30] LOG:  received fast shutdown request
waiting for server to shut down....2026-05-18 13:22:54.067 UTC [30] LOG:  aborting any active transactions
2026-05-18 13:22:54.072 UTC [30] LOG:  background worker "logical replication launcher" (PID 36) exited with exit code 1
2026-05-18 13:22:54.072 UTC [31] LOG:  shutting down
2026-05-18 13:22:54.074 UTC [31] LOG:  checkpoint starting: shutdown immediate
2026-05-18 13:22:54.141 UTC [31] LOG:  checkpoint complete: wrote 922 buffers (5.6%); 0 WAL file(s) added, 0 removed, 0 recycled; write=0.059 s, sync=0.004 s, total=0.069 s; sync files=301, longest=0.002 s, average=0.001 s; distance=4239 kB, estimate=4239 kB
2026-05-18 13:22:54.148 UTC [30] LOG:  database system is shut down
 done
server stopped

PostgreSQL init process complete; ready for start up.

2026-05-18 13:22:54.201 UTC [1] LOG:  starting PostgreSQL 15.18 (Debian 15.18-1.pgdg13+1) on x86_64-pc-linux-gnu, compiled by gcc (Debian 14.2.0-19) 14.2.0, 64-bit
2026-05-18 13:22:54.202 UTC [1] LOG:  listening on IPv4 address "0.0.0.0", port 5432
2026-05-18 13:22:54.202 UTC [1] LOG:  listening on IPv6 address "::", port 5432
2026-05-18 13:22:54.203 UTC [1] LOG:  listening on Unix socket "/var/run/postgresql/.s.PGSQL.5432"
2026-05-18 13:22:54.209 UTC [46] LOG:  database system was shut down at 2026-05-18 13:22:54 UTC
2026-05-18 13:22:54.229 UTC [1] LOG:  database system is ready to accept connections
2026-05-18 13:23:25.460 UTC [59] ERROR:  relation "migration_model" does not exist at character 25
2026-05-18 13:23:25.460 UTC [59] STATEMENT:  SELECT ID, VERSION FROM MIGRATION_MODEL ORDER BY UPDATE_TIME DESC
2026-05-18 13:23:28.783 UTC [59] ERROR:  relation "public.databasechangelog" does not exist at character 22
2026-05-18 13:23:28.783 UTC [59] STATEMENT:  SELECT COUNT(*) FROM public.databasechangelog
2026-05-18 13:23:30.120 UTC [70] ERROR:  relation "public.databasechangeloglock" does not exist at character 22
2026-05-18 13:23:30.120 UTC [70] STATEMENT:  SELECT COUNT(*) FROM public.databasechangeloglock
2026-05-18 13:23:30.206 UTC [59] ERROR:  relation "public.databasechangelog" does not exist at character 22
2026-05-18 13:23:30.206 UTC [59] STATEMENT:  SELECT COUNT(*) FROM public.databasechangelog
2026-05-18 13:27:54.306 UTC [44] LOG:  checkpoint starting: time
2026-05-18 13:28:51.488 UTC [44] LOG:  checkpoint complete: wrote 573 buffers (3.5%); 1 WAL file(s) added, 0 removed, 0 recycled; write=57.134 s, sync=0.005 s, total=57.183 s; sync files=552, longest=0.003 s, average=0.001 s; distance=4190 kB, estimate=4190 kB
