chmod: changing permissions of '/var/run/postgresql': Operation not permitted
The files belonging to this database system will be owned by user "1000770000".
This user must also own the server process.

The database cluster will be initialized with locale "en_US.utf8".
The default database encoding has accordingly been set to "UTF8".
The default text search configuration will be set to "english".

Data page checksums are enabled.

fixing permissions on existing directory /var/lib/postgresql/data/pgdata ... ok
creating subdirectories ... ok
selecting dynamic shared memory implementation ... posix
selecting default "max_connections" ... 100
selecting default "shared_buffers" ... 128MB
selecting default time zone ... Etc/UTC
creating configuration files ... ok
running bootstrap script ... ok
performing post-bootstrap initialization ... ok
syncing data to disk ... ok


Success. You can now start the database server using:

    pg_ctl -D /var/lib/postgresql/data/pgdata -l logfile start

initdb: warning: enabling "trust" authentication for local connections
initdb: hint: You can change this by editing pg_hba.conf or using the option -A, or --auth-local and --auth-host, the next time you run initdb.
waiting for server to start....2026-05-18 13:22:02.856 UTC [30] LOG:  starting PostgreSQL 18.4 (Debian 18.4-1.pgdg13+1) on x86_64-pc-linux-gnu, compiled by gcc (Debian 14.2.0-19) 14.2.0, 64-bit
2026-05-18 13:22:02.857 UTC [30] LOG:  listening on Unix socket "/var/run/postgresql/.s.PGSQL.5432"
2026-05-18 13:22:02.865 UTC [36] LOG:  database system was shut down at 2026-05-18 13:22:02 UTC
2026-05-18 13:22:02.869 UTC [30] LOG:  database system is ready to accept connections
 done
server started
CREATE DATABASE


/usr/local/bin/docker-entrypoint.sh: ignoring /docker-entrypoint-initdb.d/*

waiting for server to shut down...2026-05-18 13:22:03.169 UTC [30] LOG:  received fast shutdown request
.2026-05-18 13:22:03.170 UTC [30] LOG:  aborting any active transactions
2026-05-18 13:22:03.222 UTC [30] LOG:  background worker "logical replication launcher" (PID 39) exited with exit code 1
2026-05-18 13:22:03.223 UTC [34] LOG:  shutting down
2026-05-18 13:22:03.226 UTC [34] LOG:  checkpoint starting: shutdown immediate
2026-05-18 13:22:03.276 UTC [34] LOG:  checkpoint complete: wrote 943 buffers (5.8%), wrote 3 SLRU buffers; 0 WAL file(s) added, 0 removed, 0 recycled; write=0.037 s, sync=0.007 s, total=0.053 s; sync files=303, longest=0.002 s, average=0.001 s; distance=4352 kB, estimate=4352 kB; lsn=0/1B9FBA8, redo lsn=0/1B9FBA8
2026-05-18 13:22:03.295 UTC [30] LOG:  database system is shut down
 done
server stopped

PostgreSQL init process complete; ready for start up.

2026-05-18 13:22:03.400 UTC [1] LOG:  starting PostgreSQL 18.4 (Debian 18.4-1.pgdg13+1) on x86_64-pc-linux-gnu, compiled by gcc (Debian 14.2.0-19) 14.2.0, 64-bit
2026-05-18 13:22:03.400 UTC [1] LOG:  listening on IPv4 address "0.0.0.0", port 5432
2026-05-18 13:22:03.400 UTC [1] LOG:  listening on IPv6 address "::", port 5432
2026-05-18 13:22:03.402 UTC [1] LOG:  listening on Unix socket "/var/run/postgresql/.s.PGSQL.5432"
2026-05-18 13:22:03.411 UTC [52] LOG:  database system was shut down at 2026-05-18 13:22:03 UTC
2026-05-18 13:22:03.415 UTC [1] LOG:  database system is ready to accept connections
2026-05-18 13:22:08.553 UTC [58] FATAL:  role "-d" does not exist
2026-05-18 13:22:13.529 UTC [61] FATAL:  role "-d" does not exist
2026-05-18 13:22:18.532 UTC [64] FATAL:  role "-d" does not exist
2026-05-18 13:22:23.528 UTC [67] FATAL:  role "-d" does not exist
2026-05-18 13:22:28.537 UTC [70] FATAL:  role "-d" does not exist
2026-05-18 13:22:33.536 UTC [74] FATAL:  role "-d" does not exist
2026-05-18 13:22:38.534 UTC [77] FATAL:  role "-d" does not exist
2026-05-18 13:22:39.371 UTC [80] FATAL:  role "-d" does not exist
2026-05-18 13:22:43.528 UTC [83] FATAL:  role "-d" does not exist
2026-05-18 13:22:48.586 UTC [86] FATAL:  role "-d" does not exist
2026-05-18 13:22:49.433 UTC [89] FATAL:  role "-d" does not exist
2026-05-18 13:22:53.543 UTC [92] FATAL:  role "-d" does not exist
2026-05-18 13:22:58.552 UTC [95] FATAL:  role "-d" does not exist
2026-05-18 13:22:59.375 UTC [98] FATAL:  role "-d" does not exist
2026-05-18 13:23:03.623 UTC [102] FATAL:  role "-d" does not exist
2026-05-18 13:23:08.527 UTC [105] FATAL:  role "-d" does not exist
2026-05-18 13:23:09.369 UTC [108] FATAL:  role "-d" does not exist
2026-05-18 13:23:13.537 UTC [111] FATAL:  role "-d" does not exist
2026-05-18 13:23:18.527 UTC [114] FATAL:  role "-d" does not exist
2026-05-18 13:23:19.366 UTC [117] FATAL:  role "-d" does not exist
2026-05-18 13:23:23.536 UTC [120] FATAL:  role "-d" does not exist
2026-05-18 13:23:28.527 UTC [123] FATAL:  role "-d" does not exist
2026-05-18 13:23:29.366 UTC [126] FATAL:  role "-d" does not exist
2026-05-18 13:23:33.538 UTC [130] FATAL:  role "-d" does not exist
2026-05-18 13:23:38.527 UTC [133] FATAL:  role "-d" does not exist
2026-05-18 13:23:39.371 UTC [136] FATAL:  role "-d" does not exist
2026-05-18 13:23:43.529 UTC [139] FATAL:  role "-d" does not exist
2026-05-18 13:23:48.530 UTC [142] FATAL:  role "-d" does not exist
2026-05-18 13:23:49.367 UTC [145] FATAL:  role "-d" does not exist
2026-05-18 13:23:53.573 UTC [148] FATAL:  role "-d" does not exist
2026-05-18 13:23:58.555 UTC [151] FATAL:  role "-d" does not exist
2026-05-18 13:23:59.433 UTC [154] FATAL:  role "-d" does not exist
2026-05-18 13:24:03.556 UTC [158] FATAL:  role "-d" does not exist
2026-05-18 13:24:08.548 UTC [161] FATAL:  role "-d" does not exist
2026-05-18 13:24:09.437 UTC [164] FATAL:  role "-d" does not exist
2026-05-18 13:24:13.563 UTC [167] FATAL:  role "-d" does not exist
2026-05-18 13:24:18.539 UTC [170] FATAL:  role "-d" does not exist
2026-05-18 13:24:19.366 UTC [173] FATAL:  role "-d" does not exist
2026-05-18 13:24:23.528 UTC [176] FATAL:  role "-d" does not exist
2026-05-18 13:24:28.528 UTC [179] FATAL:  role "-d" does not exist
2026-05-18 13:24:29.366 UTC [182] FATAL:  role "-d" does not exist
2026-05-18 13:24:33.531 UTC [186] FATAL:  role "-d" does not exist
2026-05-18 13:24:38.555 UTC [189] FATAL:  role "-d" does not exist
2026-05-18 13:24:39.430 UTC [192] FATAL:  role "-d" does not exist
2026-05-18 13:24:43.542 UTC [195] FATAL:  role "-d" does not exist
2026-05-18 13:24:48.598 UTC [198] FATAL:  role "-d" does not exist
2026-05-18 13:24:49.429 UTC [201] FATAL:  role "-d" does not exist
2026-05-18 13:24:53.569 UTC [204] FATAL:  role "-d" does not exist
2026-05-18 13:24:58.554 UTC [207] FATAL:  role "-d" does not exist
2026-05-18 13:24:59.432 UTC [210] FATAL:  role "-d" does not exist
2026-05-18 13:25:03.570 UTC [214] FATAL:  role "-d" does not exist
2026-05-18 13:25:08.553 UTC [217] FATAL:  role "-d" does not exist
2026-05-18 13:25:09.377 UTC [220] FATAL:  role "-d" does not exist
2026-05-18 13:25:13.535 UTC [223] FATAL:  role "-d" does not exist
2026-05-18 13:25:18.535 UTC [226] FATAL:  role "-d" does not exist
2026-05-18 13:25:19.367 UTC [229] FATAL:  role "-d" does not exist
2026-05-18 13:25:23.537 UTC [232] FATAL:  role "-d" does not exist
2026-05-18 13:25:28.529 UTC [235] FATAL:  role "-d" does not exist
2026-05-18 13:25:29.366 UTC [238] FATAL:  role "-d" does not exist
2026-05-18 13:25:33.529 UTC [241] FATAL:  role "-d" does not exist
2026-05-18 13:25:38.528 UTC [245] FATAL:  role "-d" does not exist
2026-05-18 13:25:39.369 UTC [248] FATAL:  role "-d" does not exist
2026-05-18 13:25:43.529 UTC [251] FATAL:  role "-d" does not exist
2026-05-18 13:25:48.536 UTC [254] FATAL:  role "-d" does not exist
2026-05-18 13:25:49.366 UTC [257] FATAL:  role "-d" does not exist
2026-05-18 13:25:53.529 UTC [260] FATAL:  role "-d" does not exist
2026-05-18 13:25:58.529 UTC [263] FATAL:  role "-d" does not exist
2026-05-18 13:25:59.366 UTC [266] FATAL:  role "-d" does not exist
2026-05-18 13:26:03.528 UTC [269] FATAL:  role "-d" does not exist
2026-05-18 13:26:08.535 UTC [273] FATAL:  role "-d" does not exist
2026-05-18 13:26:09.372 UTC [276] FATAL:  role "-d" does not exist
2026-05-18 13:26:13.528 UTC [279] FATAL:  role "-d" does not exist
2026-05-18 13:26:18.535 UTC [282] FATAL:  role "-d" does not exist
2026-05-18 13:26:19.364 UTC [285] FATAL:  role "-d" does not exist
2026-05-18 13:26:23.529 UTC [288] FATAL:  role "-d" does not exist
2026-05-18 13:26:28.528 UTC [291] FATAL:  role "-d" does not exist
2026-05-18 13:26:29.366 UTC [294] FATAL:  role "-d" does not exist
2026-05-18 13:26:33.528 UTC [297] FATAL:  role "-d" does not exist
2026-05-18 13:26:38.529 UTC [301] FATAL:  role "-d" does not exist
2026-05-18 13:26:39.371 UTC [304] FATAL:  role "-d" does not exist
2026-05-18 13:26:43.529 UTC [307] FATAL:  role "-d" does not exist
2026-05-18 13:26:48.528 UTC [310] FATAL:  role "-d" does not exist
2026-05-18 13:26:49.366 UTC [313] FATAL:  role "-d" does not exist
2026-05-18 13:26:53.529 UTC [316] FATAL:  role "-d" does not exist
2026-05-18 13:26:58.531 UTC [319] FATAL:  role "-d" does not exist
2026-05-18 13:26:59.365 UTC [322] FATAL:  role "-d" does not exist
2026-05-18 13:27:03.510 UTC [50] LOG:  checkpoint starting: time
2026-05-18 13:27:03.529 UTC [325] FATAL:  role "-d" does not exist
2026-05-18 13:27:07.830 UTC [50] LOG:  checkpoint complete: wrote 43 buffers (0.3%), wrote 3 SLRU buffers; 0 WAL file(s) added, 0 removed, 0 recycled; write=4.312 s, sync=0.003 s, total=4.321 s; sync files=12, longest=0.001 s, average=0.001 s; distance=318 kB, estimate=318 kB; lsn=0/1BEF668, redo lsn=0/1BEF610
2026-05-18 13:27:08.528 UTC [329] FATAL:  role "-d" does not exist
2026-05-18 13:27:09.370 UTC [332] FATAL:  role "-d" does not exist
2026-05-18 13:27:13.527 UTC [335] FATAL:  role "-d" does not exist
2026-05-18 13:27:18.527 UTC [338] FATAL:  role "-d" does not exist
2026-05-18 13:27:19.365 UTC [341] FATAL:  role "-d" does not exist
2026-05-18 13:27:23.529 UTC [344] FATAL:  role "-d" does not exist
2026-05-18 13:27:28.533 UTC [347] FATAL:  role "-d" does not exist
2026-05-18 13:27:29.365 UTC [350] FATAL:  role "-d" does not exist
2026-05-18 13:27:33.528 UTC [353] FATAL:  role "-d" does not exist
2026-05-18 13:27:38.528 UTC [357] FATAL:  role "-d" does not exist
2026-05-18 13:27:39.369 UTC [360] FATAL:  role "-d" does not exist
2026-05-18 13:27:43.529 UTC [363] FATAL:  role "-d" does not exist
2026-05-18 13:27:48.529 UTC [366] FATAL:  role "-d" does not exist
2026-05-18 13:27:49.367 UTC [369] FATAL:  role "-d" does not exist
2026-05-18 13:27:53.529 UTC [372] FATAL:  role "-d" does not exist
2026-05-18 13:27:58.535 UTC [375] FATAL:  role "-d" does not exist
2026-05-18 13:27:59.366 UTC [378] FATAL:  role "-d" does not exist
2026-05-18 13:28:03.533 UTC [381] FATAL:  role "-d" does not exist
2026-05-18 13:28:08.529 UTC [385] FATAL:  role "-d" does not exist
2026-05-18 13:28:09.371 UTC [388] FATAL:  role "-d" does not exist
2026-05-18 13:28:13.528 UTC [391] FATAL:  role "-d" does not exist
2026-05-18 13:28:18.528 UTC [394] FATAL:  role "-d" does not exist
2026-05-18 13:28:19.366 UTC [397] FATAL:  role "-d" does not exist
2026-05-18 13:28:23.527 UTC [400] FATAL:  role "-d" does not exist
2026-05-18 13:28:28.527 UTC [403] FATAL:  role "-d" does not exist
2026-05-18 13:28:29.366 UTC [406] FATAL:  role "-d" does not exist
2026-05-18 13:28:33.527 UTC [409] FATAL:  role "-d" does not exist
2026-05-18 13:28:38.528 UTC [413] FATAL:  role "-d" does not exist
2026-05-18 13:28:39.371 UTC [416] FATAL:  role "-d" does not exist
2026-05-18 13:28:43.537 UTC [419] FATAL:  role "-d" does not exist
2026-05-18 13:28:48.529 UTC [422] FATAL:  role "-d" does not exist
2026-05-18 13:28:49.365 UTC [425] FATAL:  role "-d" does not exist
2026-05-18 13:28:53.527 UTC [428] FATAL:  role "-d" does not exist
2026-05-18 13:28:58.528 UTC [431] FATAL:  role "-d" does not exist
2026-05-18 13:28:59.365 UTC [434] FATAL:  role "-d" does not exist
2026-05-18 13:29:03.528 UTC [437] FATAL:  role "-d" does not exist
2026-05-18 13:29:08.527 UTC [441] FATAL:  role "-d" does not exist
2026-05-18 13:29:09.371 UTC [444] FATAL:  role "-d" does not exist
2026-05-18 13:29:13.527 UTC [447] FATAL:  role "-d" does not exist
2026-05-18 13:29:18.538 UTC [450] FATAL:  role "-d" does not exist
2026-05-18 13:29:19.365 UTC [453] FATAL:  role "-d" does not exist
2026-05-18 13:29:23.527 UTC [456] FATAL:  role "-d" does not exist
2026-05-18 13:29:28.529 UTC [459] FATAL:  role "-d" does not exist
2026-05-18 13:29:29.365 UTC [462] FATAL:  role "-d" does not exist
2026-05-18 13:29:33.527 UTC [465] FATAL:  role "-d" does not exist
2026-05-18 13:29:38.529 UTC [469] FATAL:  role "-d" does not exist
2026-05-18 13:29:39.368 UTC [472] FATAL:  role "-d" does not exist
2026-05-18 13:29:43.528 UTC [475] FATAL:  role "-d" does not exist
2026-05-18 13:29:48.533 UTC [478] FATAL:  role "-d" does not exist
2026-05-18 13:29:49.365 UTC [481] FATAL:  role "-d" does not exist
2026-05-18 13:29:53.527 UTC [484] FATAL:  role "-d" does not exist
2026-05-18 13:29:58.527 UTC [487] FATAL:  role "-d" does not exist
2026-05-18 13:29:59.365 UTC [490] FATAL:  role "-d" does not exist
2026-05-18 13:30:03.526 UTC [493] FATAL:  role "-d" does not exist
2026-05-18 13:30:08.528 UTC [497] FATAL:  role "-d" does not exist
2026-05-18 13:30:09.372 UTC [500] FATAL:  role "-d" does not exist
2026-05-18 13:30:13.527 UTC [503] FATAL:  role "-d" does not exist
2026-05-18 13:30:18.528 UTC [506] FATAL:  role "-d" does not exist
2026-05-18 13:30:19.366 UTC [509] FATAL:  role "-d" does not exist
2026-05-18 13:30:23.528 UTC [512] FATAL:  role "-d" does not exist
2026-05-18 13:30:28.534 UTC [515] FATAL:  role "-d" does not exist
2026-05-18 13:30:29.367 UTC [518] FATAL:  role "-d" does not exist
2026-05-18 13:30:33.529 UTC [521] FATAL:  role "-d" does not exist
2026-05-18 13:30:38.529 UTC [525] FATAL:  role "-d" does not exist
2026-05-18 13:30:39.420 UTC [528] FATAL:  role "-d" does not exist
2026-05-18 13:30:43.530 UTC [531] FATAL:  role "-d" does not exist
2026-05-18 13:30:48.528 UTC [534] FATAL:  role "-d" does not exist
2026-05-18 13:30:49.365 UTC [537] FATAL:  role "-d" does not exist
2026-05-18 13:30:53.529 UTC [540] FATAL:  role "-d" does not exist
2026-05-18 13:30:58.527 UTC [543] FATAL:  role "-d" does not exist
2026-05-18 13:30:59.366 UTC [546] FATAL:  role "-d" does not exist
2026-05-18 13:31:03.527 UTC [549] FATAL:  role "-d" does not exist
2026-05-18 13:31:08.529 UTC [553] FATAL:  role "-d" does not exist
2026-05-18 13:31:09.370 UTC [556] FATAL:  role "-d" does not exist
2026-05-18 13:31:13.528 UTC [559] FATAL:  role "-d" does not exist
2026-05-18 13:31:18.527 UTC [562] FATAL:  role "-d" does not exist
2026-05-18 13:31:19.365 UTC [565] FATAL:  role "-d" does not exist
2026-05-18 13:31:23.528 UTC [568] FATAL:  role "-d" does not exist
2026-05-18 13:31:28.527 UTC [571] FATAL:  role "-d" does not exist
2026-05-18 13:31:29.366 UTC [574] FATAL:  role "-d" does not exist
2026-05-18 13:31:33.529 UTC [577] FATAL:  role "-d" does not exist
2026-05-18 13:31:38.528 UTC [581] FATAL:  role "-d" does not exist
2026-05-18 13:31:39.372 UTC [584] FATAL:  role "-d" does not exist
2026-05-18 13:31:43.528 UTC [587] FATAL:  role "-d" does not exist
2026-05-18 13:31:48.527 UTC [590] FATAL:  role "-d" does not exist
2026-05-18 13:31:49.365 UTC [593] FATAL:  role "-d" does not exist
2026-05-18 13:31:53.527 UTC [596] FATAL:  role "-d" does not exist
2026-05-18 13:31:58.527 UTC [599] FATAL:  role "-d" does not exist
2026-05-18 13:31:59.365 UTC [602] FATAL:  role "-d" does not exist
2026-05-18 13:32:03.528 UTC [605] FATAL:  role "-d" does not exist
